[0.151s] DEBUG:colcon:Command line arguments: ['/usr/bin/colcon', 'build']
[0.151s] DEBUG:colcon:Parsed command line arguments: Namespace(log_base=None, log_level=None, verb_name='build', build_base='build', install_base='install', merge_install=False, symlink_install=False, test_result_base=None, continue_on_error=False, executor='parallel', parallel_workers=16, event_handlers=None, ignore_user_meta=False, metas=['./colcon.meta'], base_paths=['.'], packages_ignore=None, packages_ignore_regex=None, paths=None, packages_up_to=None, packages_up_to_regex=None, packages_above=None, packages_above_and_dependencies=None, packages_above_depth=None, packages_select_by_dep=None, packages_skip_by_dep=None, packages_skip_up_to=None, packages_select_build_failed=False, packages_skip_build_finished=False, packages_select_test_failures=False, packages_skip_test_passed=False, packages_select=None, packages_skip=None, packages_select_regex=None, packages_skip_regex=None, packages_start=None, packages_end=None, allow_overriding=[], cmake_args=None, cmake_target=None, cmake_target_skip_unavailable=False, cmake_clean_cache=False, cmake_clean_first=False, cmake_force_configure=False, ament_cmake_args=None, catkin_cmake_args=None, catkin_skip_building_tests=False, mixin_files=None, mixin=None, verb_parser=<colcon_mixin.mixin.mixin_argument.MixinArgumentDecorator object at 0x7716dac94520>, verb_extension=<colcon_core.verb.build.BuildVerb object at 0x7716dac6bcd0>, main=<bound method BuildVerb.main of <colcon_core.verb.build.BuildVerb object at 0x7716dac6bcd0>>, mixin_verb=('build',))
[0.373s] Level 1:colcon.colcon_core.package_discovery:discover_packages(colcon_meta) check parameters
[0.373s] Level 1:colcon.colcon_core.package_discovery:discover_packages(recursive) check parameters
[0.373s] Level 1:colcon.colcon_core.package_discovery:discover_packages(ignore) check parameters
[0.373s] Level 1:colcon.colcon_core.package_discovery:discover_packages(path) check parameters
[0.373s] Level 1:colcon.colcon_core.package_discovery:discover_packages(colcon_meta) discover
[0.373s] Level 1:colcon.colcon_core.package_discovery:discover_packages(recursive) discover
[0.373s] INFO:colcon.colcon_core.package_discovery:Crawling recursively for packages in '/home/vishal/UR5_AMR_CL_1'
[0.373s] Level 1:colcon.colcon_core.package_identification:_identify(.) by extensions ['ignore', 'ignore_ament_install']
[0.373s] Level 1:colcon.colcon_core.package_identification:_identify(.) by extension 'ignore'
[0.373s] Level 1:colcon.colcon_core.package_identification:_identify(.) by extension 'ignore_ament_install'
[0.374s] Level 1:colcon.colcon_core.package_identification:_identify(.) by extensions ['colcon_pkg']
[0.374s] Level 1:colcon.colcon_core.package_identification:_identify(.) by extension 'colcon_pkg'
[0.374s] Level 1:colcon.colcon_core.package_identification:_identify(.) by extensions ['colcon_meta']
[0.374s] Level 1:colcon.colcon_core.package_identification:_identify(.) by extension 'colcon_meta'
[0.374s] Level 1:colcon.colcon_core.package_identification:_identify(.) by extensions ['ros']
[0.374s] Level 1:colcon.colcon_core.package_identification:_identify(.) by extension 'ros'
[0.386s] Level 1:colcon.colcon_core.package_identification:_identify(.) by extensions ['cmake', 'python']
[0.386s] Level 1:colcon.colcon_core.package_identification:_identify(.) by extension 'cmake'
[0.386s] Level 1:colcon.colcon_core.package_identification:_identify(.) by extension 'python'
[0.386s] Level 1:colcon.colcon_core.package_identification:_identify(.) by extensions ['python_setup_py']
[0.386s] Level 1:colcon.colcon_core.package_identification:_identify(.) by extension 'python_setup_py'
[0.386s] Level 1:colcon.colcon_core.package_identification:_identify(build) by extensions ['ignore', 'ignore_ament_install']
[0.387s] Level 1:colcon.colcon_core.package_identification:_identify(build) by extension 'ignore'
[0.387s] Level 1:colcon.colcon_core.package_identification:_identify(build) ignored
[0.387s] Level 1:colcon.colcon_core.package_identification:_identify(install) by extensions ['ignore', 'ignore_ament_install']
[0.387s] Level 1:colcon.colcon_core.package_identification:_identify(install) by extension 'ignore'
[0.387s] Level 1:colcon.colcon_core.package_identification:_identify(install) ignored
[0.387s] Level 1:colcon.colcon_core.package_identification:_identify(log) by extensions ['ignore', 'ignore_ament_install']
[0.387s] Level 1:colcon.colcon_core.package_identification:_identify(log) by extension 'ignore'
[0.387s] Level 1:colcon.colcon_core.package_identification:_identify(log) ignored
[0.387s] Level 1:colcon.colcon_core.package_identification:_identify(src) by extensions ['ignore', 'ignore_ament_install']
[0.388s] Level 1:colcon.colcon_core.package_identification:_identify(src) by extension 'ignore'
[0.388s] Level 1:colcon.colcon_core.package_identification:_identify(src) by extension 'ignore_ament_install'
[0.388s] Level 1:colcon.colcon_core.package_identification:_identify(src) by extensions ['colcon_pkg']
[0.388s] Level 1:colcon.colcon_core.package_identification:_identify(src) by extension 'colcon_pkg'
[0.388s] Level 1:colcon.colcon_core.package_identification:_identify(src) by extensions ['colcon_meta']
[0.388s] Level 1:colcon.colcon_core.package_identification:_identify(src) by extension 'colcon_meta'
[0.388s] Level 1:colcon.colcon_core.package_identification:_identify(src) by extensions ['ros']
[0.388s] Level 1:colcon.colcon_core.package_identification:_identify(src) by extension 'ros'
[0.388s] Level 1:colcon.colcon_core.package_identification:_identify(src) by extensions ['cmake', 'python']
[0.388s] Level 1:colcon.colcon_core.package_identification:_identify(src) by extension 'cmake'
[0.388s] Level 1:colcon.colcon_core.package_identification:_identify(src) by extension 'python'
[0.388s] Level 1:colcon.colcon_core.package_identification:_identify(src) by extensions ['python_setup_py']
[0.388s] Level 1:colcon.colcon_core.package_identification:_identify(src) by extension 'python_setup_py'
[0.388s] Level 1:colcon.colcon_core.package_identification:_identify(src/robotic_arms_control) by extensions ['ignore', 'ignore_ament_install']
[0.388s] Level 1:colcon.colcon_core.package_identification:_identify(src/robotic_arms_control) by extension 'ignore'
[0.388s] Level 1:colcon.colcon_core.package_identification:_identify(src/robotic_arms_control) by extension 'ignore_ament_install'
[0.388s] Level 1:colcon.colcon_core.package_identification:_identify(src/robotic_arms_control) by extensions ['colcon_pkg']
[0.389s] Level 1:colcon.colcon_core.package_identification:_identify(src/robotic_arms_control) by extension 'colcon_pkg'
[0.389s] Level 1:colcon.colcon_core.package_identification:_identify(src/robotic_arms_control) by extensions ['colcon_meta']
[0.389s] Level 1:colcon.colcon_core.package_identification:_identify(src/robotic_arms_control) by extension 'colcon_meta'
[0.389s] Level 1:colcon.colcon_core.package_identification:_identify(src/robotic_arms_control) by extensions ['ros']
[0.389s] Level 1:colcon.colcon_core.package_identification:_identify(src/robotic_arms_control) by extension 'ros'
[0.392s] DEBUG:colcon.colcon_core.package_identification:Package 'src/robotic_arms_control' with type 'ros.ament_python' and name 'robotic_arms_control'
[0.392s] Level 1:colcon.colcon_core.package_identification:_identify(src/ur5_description) by extensions ['ignore', 'ignore_ament_install']
[0.393s] Level 1:colcon.colcon_core.package_identification:_identify(src/ur5_description) by extension 'ignore'
[0.393s] Level 1:colcon.colcon_core.package_identification:_identify(src/ur5_description) by extension 'ignore_ament_install'
[0.393s] Level 1:colcon.colcon_core.package_identification:_identify(src/ur5_description) by extensions ['colcon_pkg']
[0.393s] Level 1:colcon.colcon_core.package_identification:_identify(src/ur5_description) by extension 'colcon_pkg'
[0.393s] Level 1:colcon.colcon_core.package_identification:_identify(src/ur5_description) by extensions ['colcon_meta']
[0.393s] Level 1:colcon.colcon_core.package_identification:_identify(src/ur5_description) by extension 'colcon_meta'
[0.393s] Level 1:colcon.colcon_core.package_identification:_identify(src/ur5_description) by extensions ['ros']
[0.393s] Level 1:colcon.colcon_core.package_identification:_identify(src/ur5_description) by extension 'ros'
[0.394s] DEBUG:colcon.colcon_core.package_identification:Package 'src/ur5_description' with type 'ros.ament_cmake' and name 'ur5_description'
[0.394s] Level 1:colcon.colcon_core.package_discovery:discover_packages(recursive) using defaults
[0.394s] Level 1:colcon.colcon_core.package_discovery:discover_packages(ignore) discover
[0.394s] Level 1:colcon.colcon_core.package_discovery:discover_packages(ignore) using defaults
[0.394s] Level 1:colcon.colcon_core.package_discovery:discover_packages(path) discover
[0.394s] Level 1:colcon.colcon_core.package_discovery:discover_packages(path) using defaults
[0.432s] Level 1:colcon.colcon_core.package_discovery:discover_packages(prefix_path) check parameters
[0.432s] Level 1:colcon.colcon_core.package_discovery:discover_packages(prefix_path) discover
[0.437s] DEBUG:colcon.colcon_installed_package_information.package_discovery:Found 2 installed packages in /home/vishal/UR5_AMR_CL_1/install
[0.440s] DEBUG:colcon.colcon_installed_package_information.package_discovery:Found 55 installed packages in /home/vishal/ws_moveit/install
[0.442s] DEBUG:colcon.colcon_installed_package_information.package_discovery:Found 334 installed packages in /opt/ros/humble
[0.445s] Level 1:colcon.colcon_core.package_discovery:discover_packages(prefix_path) using defaults
[0.499s] Level 5:colcon.colcon_core.verb:set package 'robotic_arms_control' build argument 'cmake_args' from command line to 'None'
[0.500s] Level 5:colcon.colcon_core.verb:set package 'robotic_arms_control' build argument 'cmake_target' from command line to 'None'
[0.500s] Level 5:colcon.colcon_core.verb:set package 'robotic_arms_control' build argument 'cmake_target_skip_unavailable' from command line to 'False'
[0.500s] Level 5:colcon.colcon_core.verb:set package 'robotic_arms_control' build argument 'cmake_clean_cache' from command line to 'False'
[0.500s] Level 5:colcon.colcon_core.verb:set package 'robotic_arms_control' build argument 'cmake_clean_first' from command line to 'False'
[0.500s] Level 5:colcon.colcon_core.verb:set package 'robotic_arms_control' build argument 'cmake_force_configure' from command line to 'False'
[0.500s] Level 5:colcon.colcon_core.verb:set package 'robotic_arms_control' build argument 'ament_cmake_args' from command line to 'None'
[0.500s] Level 5:colcon.colcon_core.verb:set package 'robotic_arms_control' build argument 'catkin_cmake_args' from command line to 'None'
[0.500s] Level 5:colcon.colcon_core.verb:set package 'robotic_arms_control' build argument 'catkin_skip_building_tests' from command line to 'False'
[0.500s] DEBUG:colcon.colcon_core.verb:Building package 'robotic_arms_control' with the following arguments: {'ament_cmake_args': None, 'build_base': '/home/vishal/UR5_AMR_CL_1/build/robotic_arms_control', 'catkin_cmake_args': None, 'catkin_skip_building_tests': False, 'cmake_args': None, 'cmake_clean_cache': False, 'cmake_clean_first': False, 'cmake_force_configure': False, 'cmake_target': None, 'cmake_target_skip_unavailable': False, 'install_base': '/home/vishal/UR5_AMR_CL_1/install/robotic_arms_control', 'merge_install': False, 'path': '/home/vishal/UR5_AMR_CL_1/src/robotic_arms_control', 'symlink_install': False, 'test_result_base': None}
[0.500s] Level 5:colcon.colcon_core.verb:set package 'ur5_description' build argument 'cmake_args' from command line to 'None'
[0.500s] Level 5:colcon.colcon_core.verb:set package 'ur5_description' build argument 'cmake_target' from command line to 'None'
[0.500s] Level 5:colcon.colcon_core.verb:set package 'ur5_description' build argument 'cmake_target_skip_unavailable' from command line to 'False'
[0.500s] Level 5:colcon.colcon_core.verb:set package 'ur5_description' build argument 'cmake_clean_cache' from command line to 'False'
[0.500s] Level 5:colcon.colcon_core.verb:set package 'ur5_description' build argument 'cmake_clean_first' from command line to 'False'
[0.500s] Level 5:colcon.colcon_core.verb:set package 'ur5_description' build argument 'cmake_force_configure' from command line to 'False'
[0.500s] Level 5:colcon.colcon_core.verb:set package 'ur5_description' build argument 'ament_cmake_args' from command line to 'None'
[0.500s] Level 5:colcon.colcon_core.verb:set package 'ur5_description' build argument 'catkin_cmake_args' from command line to 'None'
[0.500s] Level 5:colcon.colcon_core.verb:set package 'ur5_description' build argument 'catkin_skip_building_tests' from command line to 'False'
[0.501s] DEBUG:colcon.colcon_core.verb:Building package 'ur5_description' with the following arguments: {'ament_cmake_args': None, 'build_base': '/home/vishal/UR5_AMR_CL_1/build/ur5_description', 'catkin_cmake_args': None, 'catkin_skip_building_tests': False, 'cmake_args': None, 'cmake_clean_cache': False, 'cmake_clean_first': False, 'cmake_force_configure': False, 'cmake_target': None, 'cmake_target_skip_unavailable': False, 'install_base': '/home/vishal/UR5_AMR_CL_1/install/ur5_description', 'merge_install': False, 'path': '/home/vishal/UR5_AMR_CL_1/src/ur5_description', 'symlink_install': False, 'test_result_base': None}
[0.501s] INFO:colcon.colcon_core.executor:Executing jobs using 'parallel' executor
[0.502s] DEBUG:colcon.colcon_parallel_executor.executor.parallel:run_until_complete
[0.502s] INFO:colcon.colcon_ros.task.ament_python.build:Building ROS package in '/home/vishal/UR5_AMR_CL_1/src/robotic_arms_control' with build type 'ament_python'
[0.502s] Level 1:colcon.colcon_core.shell:create_environment_hook('robotic_arms_control', 'ament_prefix_path')
[0.505s] INFO:colcon.colcon_core.plugin_system:Skipping extension 'colcon_core.shell.bat': Not used on non-Windows systems
[0.505s] INFO:colcon.colcon_core.shell:Creating environment hook '/home/vishal/UR5_AMR_CL_1/install/robotic_arms_control/share/robotic_arms_control/hook/ament_prefix_path.ps1'
[0.506s] INFO:colcon.colcon_core.shell:Creating environment descriptor '/home/vishal/UR5_AMR_CL_1/install/robotic_arms_control/share/robotic_arms_control/hook/ament_prefix_path.dsv'
[0.506s] INFO:colcon.colcon_core.shell:Creating environment hook '/home/vishal/UR5_AMR_CL_1/install/robotic_arms_control/share/robotic_arms_control/hook/ament_prefix_path.sh'
[0.507s] INFO:colcon.colcon_core.shell:Skip shell extension 'powershell' for command environment: Not usable outside of PowerShell
[0.507s] DEBUG:colcon.colcon_core.shell:Skip shell extension 'dsv' for command environment
[0.516s] INFO:colcon.colcon_ros.task.ament_cmake.build:Building ROS package in '/home/vishal/UR5_AMR_CL_1/src/ur5_description' with build type 'ament_cmake'
[0.516s] INFO:colcon.colcon_cmake.task.cmake.build:Building CMake package in '/home/vishal/UR5_AMR_CL_1/src/ur5_description'
[0.516s] INFO:colcon.colcon_core.shell:Skip shell extension 'powershell' for command environment: Not usable outside of PowerShell
[0.516s] DEBUG:colcon.colcon_core.shell:Skip shell extension 'dsv' for command environment
[0.852s] INFO:colcon.colcon_core.task.python.build:Building Python package in '/home/vishal/UR5_AMR_CL_1/src/robotic_arms_control'
[0.853s] INFO:colcon.colcon_core.shell:Skip shell extension 'powershell' for command environment: Not usable outside of PowerShell
[0.853s] DEBUG:colcon.colcon_core.shell:Skip shell extension 'dsv' for command environment
[0.868s] DEBUG:colcon.colcon_core.event_handler.log_command:Invoking command in '/home/vishal/UR5_AMR_CL_1/build/ur5_description': CMAKE_PREFIX_PATH=${CMAKE_PREFIX_PATH}:/home/vishal/UR5_AMR_CL_1/install/robotic_arms_control:/home/vishal/ws_moveit/install/moveit_configs_utils:/home/vishal/ws_moveit/install/launch_param_builder:/opt/ros/humble /home/vishal/.local/bin/cmake --build /home/vishal/UR5_AMR_CL_1/build/ur5_description -- -j16 -l16
[0.991s] DEBUG:colcon.colcon_core.event_handler.log_command:Invoked command in '/home/vishal/UR5_AMR_CL_1/build/ur5_description' returned '0': CMAKE_PREFIX_PATH=${CMAKE_PREFIX_PATH}:/home/vishal/UR5_AMR_CL_1/install/robotic_arms_control:/home/vishal/ws_moveit/install/moveit_configs_utils:/home/vishal/ws_moveit/install/launch_param_builder:/opt/ros/humble /home/vishal/.local/bin/cmake --build /home/vishal/UR5_AMR_CL_1/build/ur5_description -- -j16 -l16
[1.093s] DEBUG:colcon.colcon_core.event_handler.log_command:Invoking command in '/home/vishal/UR5_AMR_CL_1/build/ur5_description': CMAKE_PREFIX_PATH=${CMAKE_PREFIX_PATH}:/home/vishal/UR5_AMR_CL_1/install/robotic_arms_control:/home/vishal/ws_moveit/install/moveit_configs_utils:/home/vishal/ws_moveit/install/launch_param_builder:/opt/ros/humble /home/vishal/.local/bin/cmake --install /home/vishal/UR5_AMR_CL_1/build/ur5_description
[1.194s] Level 1:colcon.colcon_core.environment:create_environment_scripts_only(ur5_description)
[1.195s] DEBUG:colcon.colcon_core.event_handler.log_command:Invoked command in '/home/vishal/UR5_AMR_CL_1/build/ur5_description' returned '0': CMAKE_PREFIX_PATH=${CMAKE_PREFIX_PATH}:/home/vishal/UR5_AMR_CL_1/install/robotic_arms_control:/home/vishal/ws_moveit/install/moveit_configs_utils:/home/vishal/ws_moveit/install/launch_param_builder:/opt/ros/humble /home/vishal/.local/bin/cmake --install /home/vishal/UR5_AMR_CL_1/build/ur5_description
[1.197s] Level 1:colcon.colcon_core.environment:checking '/home/vishal/UR5_AMR_CL_1/install/ur5_description' for CMake module files
[1.197s] Level 1:colcon.colcon_core.environment:checking '/home/vishal/UR5_AMR_CL_1/install/ur5_description' for CMake config files
[1.198s] Level 1:colcon.colcon_core.shell:create_environment_hook('ur5_description', 'cmake_prefix_path')
[1.198s] INFO:colcon.colcon_core.shell:Creating environment hook '/home/vishal/UR5_AMR_CL_1/install/ur5_description/share/ur5_description/hook/cmake_prefix_path.ps1'
[1.199s] INFO:colcon.colcon_core.shell:Creating environment descriptor '/home/vishal/UR5_AMR_CL_1/install/ur5_description/share/ur5_description/hook/cmake_prefix_path.dsv'
[1.199s] INFO:colcon.colcon_core.shell:Creating environment hook '/home/vishal/UR5_AMR_CL_1/install/ur5_description/share/ur5_description/hook/cmake_prefix_path.sh'
[1.200s] Level 1:colcon.colcon_core.environment:checking '/home/vishal/UR5_AMR_CL_1/install/ur5_description/bin'
[1.200s] Level 1:colcon.colcon_core.environment:checking '/home/vishal/UR5_AMR_CL_1/install/ur5_description/lib/pkgconfig/ur5_description.pc'
[1.201s] Level 1:colcon.colcon_core.environment:checking '/home/vishal/UR5_AMR_CL_1/install/ur5_description/lib/python3.10/site-packages'
[1.201s] Level 1:colcon.colcon_core.environment:checking '/home/vishal/UR5_AMR_CL_1/install/ur5_description/bin'
[1.201s] INFO:colcon.colcon_core.shell:Creating package script '/home/vishal/UR5_AMR_CL_1/install/ur5_description/share/ur5_description/package.ps1'
[1.202s] INFO:colcon.colcon_core.shell:Creating package descriptor '/home/vishal/UR5_AMR_CL_1/install/ur5_description/share/ur5_description/package.dsv'
[1.203s] INFO:colcon.colcon_core.shell:Creating package script '/home/vishal/UR5_AMR_CL_1/install/ur5_description/share/ur5_description/package.sh'
[1.204s] INFO:colcon.colcon_core.shell:Creating package script '/home/vishal/UR5_AMR_CL_1/install/ur5_description/share/ur5_description/package.bash'
[1.205s] INFO:colcon.colcon_core.shell:Creating package script '/home/vishal/UR5_AMR_CL_1/install/ur5_description/share/ur5_description/package.zsh'
[1.206s] Level 1:colcon.colcon_core.environment:create_file_with_runtime_dependencies(/home/vishal/UR5_AMR_CL_1/install/ur5_description/share/colcon-core/packages/ur5_description)
[1.207s] Level 1:colcon.colcon_core.environment:create_environment_scripts_only(ur5_description)
[1.207s] Level 1:colcon.colcon_core.environment:checking '/home/vishal/UR5_AMR_CL_1/install/ur5_description' for CMake module files
[1.208s] Level 1:colcon.colcon_core.environment:checking '/home/vishal/UR5_AMR_CL_1/install/ur5_description' for CMake config files
[1.208s] Level 1:colcon.colcon_core.shell:create_environment_hook('ur5_description', 'cmake_prefix_path')
[1.208s] INFO:colcon.colcon_core.shell:Creating environment hook '/home/vishal/UR5_AMR_CL_1/install/ur5_description/share/ur5_description/hook/cmake_prefix_path.ps1'
[1.209s] INFO:colcon.colcon_core.shell:Creating environment descriptor '/home/vishal/UR5_AMR_CL_1/install/ur5_description/share/ur5_description/hook/cmake_prefix_path.dsv'
[1.209s] INFO:colcon.colcon_core.shell:Creating environment hook '/home/vishal/UR5_AMR_CL_1/install/ur5_description/share/ur5_description/hook/cmake_prefix_path.sh'
[1.210s] Level 1:colcon.colcon_core.environment:checking '/home/vishal/UR5_AMR_CL_1/install/ur5_description/bin'
[1.210s] Level 1:colcon.colcon_core.environment:checking '/home/vishal/UR5_AMR_CL_1/install/ur5_description/lib/pkgconfig/ur5_description.pc'
[1.211s] Level 1:colcon.colcon_core.environment:checking '/home/vishal/UR5_AMR_CL_1/install/ur5_description/lib/python3.10/site-packages'
[1.211s] Level 1:colcon.colcon_core.environment:checking '/home/vishal/UR5_AMR_CL_1/install/ur5_description/bin'
[1.211s] INFO:colcon.colcon_core.shell:Creating package script '/home/vishal/UR5_AMR_CL_1/install/ur5_description/share/ur5_description/package.ps1'
[1.212s] INFO:colcon.colcon_core.shell:Creating package descriptor '/home/vishal/UR5_AMR_CL_1/install/ur5_description/share/ur5_description/package.dsv'
[1.212s] INFO:colcon.colcon_core.shell:Creating package script '/home/vishal/UR5_AMR_CL_1/install/ur5_description/share/ur5_description/package.sh'
[1.213s] INFO:colcon.colcon_core.shell:Creating package script '/home/vishal/UR5_AMR_CL_1/install/ur5_description/share/ur5_description/package.bash'
[1.213s] INFO:colcon.colcon_core.shell:Creating package script '/home/vishal/UR5_AMR_CL_1/install/ur5_description/share/ur5_description/package.zsh'
[1.214s] Level 1:colcon.colcon_core.environment:create_file_with_runtime_dependencies(/home/vishal/UR5_AMR_CL_1/install/ur5_description/share/colcon-core/packages/ur5_description)
[1.301s] DEBUG:colcon.colcon_core.event_handler.log_command:Invoking command in '/home/vishal/UR5_AMR_CL_1/src/robotic_arms_control': PYTHONPATH=/home/vishal/UR5_AMR_CL_1/build/robotic_arms_control/prefix_override:/usr/lib/python3/dist-packages/colcon_core/task/python/colcon_distutils_commands:/home/vishal/UR5_AMR_CL_1/install/robotic_arms_control/lib/python3.10/site-packages:${PYTHONPATH} /usr/bin/python3 -W ignore:setup.py install is deprecated -W ignore:easy_install command is deprecated setup.py egg_info --egg-base ../../build/robotic_arms_control build --build-base /home/vishal/UR5_AMR_CL_1/build/robotic_arms_control/build install --record /home/vishal/UR5_AMR_CL_1/build/robotic_arms_control/install.log --single-version-externally-managed install_data
[1.674s] Level 1:colcon.colcon_core.environment:checking '/home/vishal/UR5_AMR_CL_1/install/robotic_arms_control' for CMake module files
[1.675s] DEBUG:colcon.colcon_core.event_handler.log_command:Invoked command in '/home/vishal/UR5_AMR_CL_1/src/robotic_arms_control' returned '0': PYTHONPATH=/home/vishal/UR5_AMR_CL_1/build/robotic_arms_control/prefix_override:/usr/lib/python3/dist-packages/colcon_core/task/python/colcon_distutils_commands:/home/vishal/UR5_AMR_CL_1/install/robotic_arms_control/lib/python3.10/site-packages:${PYTHONPATH} /usr/bin/python3 -W ignore:setup.py install is deprecated -W ignore:easy_install command is deprecated setup.py egg_info --egg-base ../../build/robotic_arms_control build --build-base /home/vishal/UR5_AMR_CL_1/build/robotic_arms_control/build install --record /home/vishal/UR5_AMR_CL_1/build/robotic_arms_control/install.log --single-version-externally-managed install_data
[1.675s] Level 1:colcon.colcon_core.environment:checking '/home/vishal/UR5_AMR_CL_1/install/robotic_arms_control' for CMake config files
[1.676s] Level 1:colcon.colcon_core.environment:checking '/home/vishal/UR5_AMR_CL_1/install/robotic_arms_control/lib'
[1.676s] Level 1:colcon.colcon_core.environment:checking '/home/vishal/UR5_AMR_CL_1/install/robotic_arms_control/bin'
[1.676s] Level 1:colcon.colcon_core.environment:checking '/home/vishal/UR5_AMR_CL_1/install/robotic_arms_control/lib/pkgconfig/robotic_arms_control.pc'
[1.676s] Level 1:colcon.colcon_core.environment:checking '/home/vishal/UR5_AMR_CL_1/install/robotic_arms_control/lib/python3.10/site-packages'
[1.676s] Level 1:colcon.colcon_core.shell:create_environment_hook('robotic_arms_control', 'pythonpath')
[1.677s] INFO:colcon.colcon_core.shell:Creating environment hook '/home/vishal/UR5_AMR_CL_1/install/robotic_arms_control/share/robotic_arms_control/hook/pythonpath.ps1'
[1.677s] INFO:colcon.colcon_core.shell:Creating environment descriptor '/home/vishal/UR5_AMR_CL_1/install/robotic_arms_control/share/robotic_arms_control/hook/pythonpath.dsv'
[1.678s] INFO:colcon.colcon_core.shell:Creating environment hook '/home/vishal/UR5_AMR_CL_1/install/robotic_arms_control/share/robotic_arms_control/hook/pythonpath.sh'
[1.678s] Level 1:colcon.colcon_core.environment:checking '/home/vishal/UR5_AMR_CL_1/install/robotic_arms_control/bin'
[1.678s] Level 1:colcon.colcon_core.environment:create_environment_scripts_only(robotic_arms_control)
[1.679s] INFO:colcon.colcon_core.shell:Creating package script '/home/vishal/UR5_AMR_CL_1/install/robotic_arms_control/share/robotic_arms_control/package.ps1'
[1.679s] INFO:colcon.colcon_core.shell:Creating package descriptor '/home/vishal/UR5_AMR_CL_1/install/robotic_arms_control/share/robotic_arms_control/package.dsv'
[1.680s] INFO:colcon.colcon_core.shell:Creating package script '/home/vishal/UR5_AMR_CL_1/install/robotic_arms_control/share/robotic_arms_control/package.sh'
[1.680s] INFO:colcon.colcon_core.shell:Creating package script '/home/vishal/UR5_AMR_CL_1/install/robotic_arms_control/share/robotic_arms_control/package.bash'
[1.681s] INFO:colcon.colcon_core.shell:Creating package script '/home/vishal/UR5_AMR_CL_1/install/robotic_arms_control/share/robotic_arms_control/package.zsh'
[1.682s] Level 1:colcon.colcon_core.environment:create_file_with_runtime_dependencies(/home/vishal/UR5_AMR_CL_1/install/robotic_arms_control/share/colcon-core/packages/robotic_arms_control)
[1.682s] DEBUG:colcon.colcon_parallel_executor.executor.parallel:closing loop
[1.683s] DEBUG:colcon.colcon_parallel_executor.executor.parallel:loop closed
[1.683s] DEBUG:colcon.colcon_parallel_executor.executor.parallel:run_until_complete finished with '0'
[1.683s] DEBUG:colcon.colcon_core.event_reactor:joining thread
[1.690s] INFO:colcon.colcon_core.plugin_system:Skipping extension 'colcon_notification.desktop_notification.terminal_notifier': Not used on non-Darwin systems
[1.690s] INFO:colcon.colcon_core.plugin_system:Skipping extension 'colcon_notification.desktop_notification.win32': Not used on non-Windows systems
[1.690s] INFO:colcon.colcon_notification.desktop_notification:Sending desktop notification using 'notify2'
[1.701s] DEBUG:colcon.colcon_core.event_reactor:joined thread
[1.702s] INFO:colcon.colcon_core.shell:Creating prefix script '/home/vishal/UR5_AMR_CL_1/install/local_setup.ps1'
[1.704s] INFO:colcon.colcon_core.shell:Creating prefix util module '/home/vishal/UR5_AMR_CL_1/install/_local_setup_util_ps1.py'
[1.705s] INFO:colcon.colcon_core.shell:Creating prefix chain script '/home/vishal/UR5_AMR_CL_1/install/setup.ps1'
[1.710s] INFO:colcon.colcon_core.shell:Creating prefix script '/home/vishal/UR5_AMR_CL_1/install/local_setup.sh'
[1.710s] INFO:colcon.colcon_core.shell:Creating prefix util module '/home/vishal/UR5_AMR_CL_1/install/_local_setup_util_sh.py'
[1.711s] INFO:colcon.colcon_core.shell:Creating prefix chain script '/home/vishal/UR5_AMR_CL_1/install/setup.sh'
[1.715s] INFO:colcon.colcon_core.shell:Creating prefix script '/home/vishal/UR5_AMR_CL_1/install/local_setup.bash'
[1.716s] INFO:colcon.colcon_core.shell:Creating prefix chain script '/home/vishal/UR5_AMR_CL_1/install/setup.bash'
[1.720s] INFO:colcon.colcon_core.shell:Creating prefix script '/home/vishal/UR5_AMR_CL_1/install/local_setup.zsh'
[1.720s] INFO:colcon.colcon_core.shell:Creating prefix chain script '/home/vishal/UR5_AMR_CL_1/install/setup.zsh'
