[0mCMake Error: The current CMakeCache.txt directory /home/vishal/UR5_AMR_CL_1/build/ur5_description/CMakeCache.txt is different than the directory /home/vishal/UR5_robot/build/ur5_description where CMakeCache.txt was created. This may result in binaries being created in the wrong place. If you are not sure, reedit the CMakeCache.txt[0m
-- Install configuration: ""
-- Execute custom install script
-- Up-to-date symlink: /home/vishal/UR5_robot/install/ur5_description/share/ur5_description//launch/visualize_ur5.launch.py
-- Up-to-date symlink: /home/vishal/UR5_robot/install/ur5_description/share/ur5_description//robots/gazebo.urdf.xacro
-- Up-to-date symlink: /home/vishal/UR5_robot/install/ur5_description/share/ur5_description//robots/materials.urdf.xacro
-- Up-to-date symlink: /home/vishal/UR5_robot/install/ur5_description/share/ur5_description//robots/ur5.gazebo.xacro
-- Up-to-date symlink: /home/vishal/UR5_robot/install/ur5_description/share/ur5_description//robots/ur5.transmission.xacro
-- Up-to-date symlink: /home/vishal/UR5_robot/install/ur5_description/share/ur5_description//robots/ur5.urdf
-- Up-to-date symlink: /home/vishal/UR5_robot/install/ur5_description/share/ur5_description//robots/ur5.urdf.xacro
-- Up-to-date symlink: /home/vishal/UR5_robot/install/ur5_description/share/ur5_description//robots/ur5jointlimitedrobot.urdf
-- Up-to-date symlink: /home/vishal/UR5_robot/install/ur5_description/share/ur5_description//meshes/ur5/collision/Base.dae
-- Up-to-date symlink: /home/vishal/UR5_robot/install/ur5_description/share/ur5_description//meshes/ur5/collision/Forearm.dae
-- Up-to-date symlink: /home/vishal/UR5_robot/install/ur5_description/share/ur5_description//meshes/ur5/collision/Shoulder.dae
-- Up-to-date symlink: /home/vishal/UR5_robot/install/ur5_description/share/ur5_description//meshes/ur5/collision/UpperArm.dae
-- Up-to-date symlink: /home/vishal/UR5_robot/install/ur5_description/share/ur5_description//meshes/ur5/collision/Wrist1.dae
-- Up-to-date symlink: /home/vishal/UR5_robot/install/ur5_description/share/ur5_description//meshes/ur5/collision/Wrist2.dae
-- Up-to-date symlink: /home/vishal/UR5_robot/install/ur5_description/share/ur5_description//meshes/ur5/collision/Wrist3.dae
-- Up-to-date symlink: /home/vishal/UR5_robot/install/ur5_description/share/ur5_description//meshes/ur5/collision/basin.STL
-- Up-to-date symlink: /home/vishal/UR5_robot/install/ur5_description/share/ur5_description//meshes/ur5/visual/Base.dae
-- Up-to-date symlink: /home/vishal/UR5_robot/install/ur5_description/share/ur5_description//meshes/ur5/visual/Forearm.dae
-- Up-to-date symlink: /home/vishal/UR5_robot/install/ur5_description/share/ur5_description//meshes/ur5/visual/Shoulder.dae
-- Up-to-date symlink: /home/vishal/UR5_robot/install/ur5_description/share/ur5_description//meshes/ur5/visual/UpperArm.dae
-- Up-to-date symlink: /home/vishal/UR5_robot/install/ur5_description/share/ur5_description//meshes/ur5/visual/Wrist1.dae
-- Up-to-date symlink: /home/vishal/UR5_robot/install/ur5_description/share/ur5_description//meshes/ur5/visual/Wrist2.dae
-- Up-to-date symlink: /home/vishal/UR5_robot/install/ur5_description/share/ur5_description//meshes/ur5/visual/Wrist3.dae
-- Up-to-date symlink: /home/vishal/UR5_robot/install/ur5_description/share/ur5_description//meshes/ur5/visual/basin.STL
-- Up-to-date symlink: /home/vishal/UR5_robot/install/ur5_description/share/ur5_description//meshes/ur5/visual/basin.dae
-- Up-to-date symlink: /home/vishal/UR5_robot/install/ur5_description/share/ament_index/resource_index/package_run_dependencies/ur5_description
-- Up-to-date symlink: /home/vishal/UR5_robot/install/ur5_description/share/ament_index/resource_index/parent_prefix_path/ur5_description
-- Up-to-date symlink: /home/vishal/UR5_robot/install/ur5_description/share/ur5_description/environment/ament_prefix_path.sh
-- Up-to-date symlink: /home/vishal/UR5_robot/install/ur5_description/share/ur5_description/environment/ament_prefix_path.dsv
-- Up-to-date symlink: /home/vishal/UR5_robot/install/ur5_description/share/ur5_description/environment/path.sh
-- Up-to-date symlink: /home/vishal/UR5_robot/install/ur5_description/share/ur5_description/environment/path.dsv
-- Up-to-date symlink: /home/vishal/UR5_robot/install/ur5_description/share/ur5_description/local_setup.bash
-- Up-to-date symlink: /home/vishal/UR5_robot/install/ur5_description/share/ur5_description/local_setup.sh
-- Up-to-date symlink: /home/vishal/UR5_robot/install/ur5_description/share/ur5_description/local_setup.zsh
-- Up-to-date symlink: /home/vishal/UR5_robot/install/ur5_description/share/ur5_description/local_setup.dsv
-- Symlinking: /home/vishal/UR5_robot/install/ur5_description/share/ur5_description/package.dsv
-- Up-to-date symlink: /home/vishal/UR5_robot/install/ur5_description/share/ament_index/resource_index/packages/ur5_description
-- Up-to-date symlink: /home/vishal/UR5_robot/install/ur5_description/share/ur5_description/cmake/ur5_descriptionConfig.cmake
-- Up-to-date symlink: /home/vishal/UR5_robot/install/ur5_description/share/ur5_description/cmake/ur5_descriptionConfig-version.cmake
-- Up-to-date symlink: /home/vishal/UR5_robot/install/ur5_description/share/ur5_description/package.xml
