/home/vishal/UR5_AMR_CL_1/install/robotic_arms_control/lib/python3.10/site-packages/robotic_arms_control/jtc_multi_goals.py
/home/vishal/UR5_AMR_CL_1/install/robotic_arms_control/lib/python3.10/site-packages/robotic_arms_control/transform_publisher.py
/home/vishal/UR5_AMR_CL_1/install/robotic_arms_control/lib/python3.10/site-packages/robotic_arms_control/joint_state_controller_test.py
/home/vishal/UR5_AMR_CL_1/install/robotic_arms_control/lib/python3.10/site-packages/robotic_arms_control/__init__.py
/home/vishal/UR5_AMR_CL_1/install/robotic_arms_control/lib/python3.10/site-packages/robotic_arms_control/joint_state_controller.py
/home/vishal/UR5_AMR_CL_1/install/robotic_arms_control/lib/python3.10/site-packages/robotic_arms_control/Kinematic_solver.py
/home/vishal/UR5_AMR_CL_1/install/robotic_arms_control/lib/python3.10/site-packages/robotic_arms_control/Kinematic_solver_IK.py
/home/vishal/UR5_AMR_CL_1/install/robotic_arms_control/lib/python3.10/site-packages/robotic_arms_control/__pycache__/jtc_multi_goals.cpython-310.pyc
/home/vishal/UR5_AMR_CL_1/install/robotic_arms_control/lib/python3.10/site-packages/robotic_arms_control/__pycache__/transform_publisher.cpython-310.pyc
/home/vishal/UR5_AMR_CL_1/install/robotic_arms_control/lib/python3.10/site-packages/robotic_arms_control/__pycache__/joint_state_controller_test.cpython-310.pyc
/home/vishal/UR5_AMR_CL_1/install/robotic_arms_control/lib/python3.10/site-packages/robotic_arms_control/__pycache__/__init__.cpython-310.pyc
/home/vishal/UR5_AMR_CL_1/install/robotic_arms_control/lib/python3.10/site-packages/robotic_arms_control/__pycache__/joint_state_controller.cpython-310.pyc
/home/vishal/UR5_AMR_CL_1/install/robotic_arms_control/lib/python3.10/site-packages/robotic_arms_control/__pycache__/Kinematic_solver.cpython-310.pyc
/home/vishal/UR5_AMR_CL_1/install/robotic_arms_control/lib/python3.10/site-packages/robotic_arms_control/__pycache__/Kinematic_solver_IK.cpython-310.pyc
/home/vishal/UR5_AMR_CL_1/install/robotic_arms_control/share/ament_index/resource_index/packages/robotic_arms_control
/home/vishal/UR5_AMR_CL_1/install/robotic_arms_control/share/robotic_arms_control/package.xml
/home/vishal/UR5_AMR_CL_1/install/robotic_arms_control/share/robotic_arms_control/launch/gazebo_bringup_1.launch.py
/home/vishal/UR5_AMR_CL_1/install/robotic_arms_control/share/robotic_arms_control/launch/controller_spawner_1.launch.py
/home/vishal/UR5_AMR_CL_1/install/robotic_arms_control/share/robotic_arms_control/launch/gazebo_bringup_ur5.launch.py
/home/vishal/UR5_AMR_CL_1/install/robotic_arms_control/share/robotic_arms_control/launch/rviz_bringup.launch.py
/home/vishal/UR5_AMR_CL_1/install/robotic_arms_control/share/robotic_arms_control/launch/controller_spawner_ur5.launch.py
/home/vishal/UR5_AMR_CL_1/install/robotic_arms_control/share/robotic_arms_control/urdf/ur5.urdf
/home/vishal/UR5_AMR_CL_1/install/robotic_arms_control/share/robotic_arms_control/urdf/ur51.urdf
/home/vishal/UR5_AMR_CL_1/install/robotic_arms_control/share/robotic_arms_control/urdf/ur5jointlimitedrobot.urdf
/home/vishal/UR5_AMR_CL_1/install/robotic_arms_control/share/robotic_arms_control/urdf/ur5robot.urdf
/home/vishal/UR5_AMR_CL_1/install/robotic_arms_control/share/robotic_arms_control/urdf/ur5_1.urdf
/home/vishal/UR5_AMR_CL_1/install/robotic_arms_control/share/robotic_arms_control/config/ur5_itc_controller.yaml
/home/vishal/UR5_AMR_CL_1/install/robotic_arms_control/share/robotic_arms_control/config/ur5_pos_controller.yaml
/home/vishal/UR5_AMR_CL_1/install/robotic_arms_control/lib/python3.10/site-packages/robotic_arms_control-0.0.0-py3.10.egg-info/dependency_links.txt
/home/vishal/UR5_AMR_CL_1/install/robotic_arms_control/lib/python3.10/site-packages/robotic_arms_control-0.0.0-py3.10.egg-info/zip-safe
/home/vishal/UR5_AMR_CL_1/install/robotic_arms_control/lib/python3.10/site-packages/robotic_arms_control-0.0.0-py3.10.egg-info/top_level.txt
/home/vishal/UR5_AMR_CL_1/install/robotic_arms_control/lib/python3.10/site-packages/robotic_arms_control-0.0.0-py3.10.egg-info/entry_points.txt
/home/vishal/UR5_AMR_CL_1/install/robotic_arms_control/lib/python3.10/site-packages/robotic_arms_control-0.0.0-py3.10.egg-info/PKG-INFO
/home/vishal/UR5_AMR_CL_1/install/robotic_arms_control/lib/python3.10/site-packages/robotic_arms_control-0.0.0-py3.10.egg-info/SOURCES.txt
/home/vishal/UR5_AMR_CL_1/install/robotic_arms_control/lib/python3.10/site-packages/robotic_arms_control-0.0.0-py3.10.egg-info/requires.txt
/home/vishal/UR5_AMR_CL_1/install/robotic_arms_control/lib/robotic_arms_control/joint_state_controller_test
/home/vishal/UR5_AMR_CL_1/install/robotic_arms_control/lib/robotic_arms_control/jtc_multi_goals
/home/vishal/UR5_AMR_CL_1/install/robotic_arms_control/lib/robotic_arms_control/kinematic_solver_IK
/home/vishal/UR5_AMR_CL_1/install/robotic_arms_control/lib/robotic_arms_control/transform_publisher
