[0.101s] DEBUG:colcon:Command line arguments: ['/usr/bin/colcon', 'build']
[0.101s] DEBUG:colcon:Parsed command line arguments: Namespace(log_base=None, log_level=None, verb_name='build', build_base='build', install_base='install', merge_install=False, symlink_install=False, test_result_base=None, continue_on_error=False, executor='parallel', parallel_workers=16, event_handlers=None, ignore_user_meta=False, metas=['./colcon.meta'], base_paths=['.'], packages_ignore=None, packages_ignore_regex=None, paths=None, packages_up_to=None, packages_up_to_regex=None, packages_above=None, packages_above_and_dependencies=None, packages_above_depth=None, packages_select_by_dep=None, packages_skip_by_dep=None, packages_skip_up_to=None, packages_select_build_failed=False, packages_skip_build_finished=False, packages_select_test_failures=False, packages_skip_test_passed=False, packages_select=None, packages_skip=None, packages_select_regex=None, packages_skip_regex=None, packages_start=None, packages_end=None, allow_overriding=[], cmake_args=None, cmake_target=None, cmake_target_skip_unavailable=False, cmake_clean_cache=False, cmake_clean_first=False, cmake_force_configure=False, ament_cmake_args=None, catkin_cmake_args=None, catkin_skip_building_tests=False, mixin_files=None, mixin=None, verb_parser=<colcon_mixin.mixin.mixin_argument.MixinArgumentDecorator object at 0x7a6832748520>, verb_extension=<colcon_core.verb.build.BuildVerb object at 0x7a683271fcd0>, main=<bound method BuildVerb.main of <colcon_core.verb.build.BuildVerb object at 0x7a683271fcd0>>, mixin_verb=('build',))
[0.246s] Level 1:colcon.colcon_core.package_discovery:discover_packages(colcon_meta) check parameters
[0.246s] Level 1:colcon.colcon_core.package_discovery:discover_packages(recursive) check parameters
[0.246s] Level 1:colcon.colcon_core.package_discovery:discover_packages(ignore) check parameters
[0.246s] Level 1:colcon.colcon_core.package_discovery:discover_packages(path) check parameters
[0.246s] Level 1:colcon.colcon_core.package_discovery:discover_packages(colcon_meta) discover
[0.246s] Level 1:colcon.colcon_core.package_discovery:discover_packages(recursive) discover
[0.246s] INFO:colcon.colcon_core.package_discovery:Crawling recursively for packages in '/home/vishal/UR5_AMR_CL_1'
[0.246s] Level 1:colcon.colcon_core.package_identification:_identify(.) by extensions ['ignore', 'ignore_ament_install']
[0.246s] Level 1:colcon.colcon_core.package_identification:_identify(.) by extension 'ignore'
[0.246s] Level 1:colcon.colcon_core.package_identification:_identify(.) by extension 'ignore_ament_install'
[0.246s] Level 1:colcon.colcon_core.package_identification:_identify(.) by extensions ['colcon_pkg']
[0.246s] Level 1:colcon.colcon_core.package_identification:_identify(.) by extension 'colcon_pkg'
[0.246s] Level 1:colcon.colcon_core.package_identification:_identify(.) by extensions ['colcon_meta']
[0.246s] Level 1:colcon.colcon_core.package_identification:_identify(.) by extension 'colcon_meta'
[0.246s] Level 1:colcon.colcon_core.package_identification:_identify(.) by extensions ['ros']
[0.246s] Level 1:colcon.colcon_core.package_identification:_identify(.) by extension 'ros'
[0.255s] Level 1:colcon.colcon_core.package_identification:_identify(.) by extensions ['cmake', 'python']
[0.255s] Level 1:colcon.colcon_core.package_identification:_identify(.) by extension 'cmake'
[0.255s] Level 1:colcon.colcon_core.package_identification:_identify(.) by extension 'python'
[0.255s] Level 1:colcon.colcon_core.package_identification:_identify(.) by extensions ['python_setup_py']
[0.255s] Level 1:colcon.colcon_core.package_identification:_identify(.) by extension 'python_setup_py'
[0.255s] Level 1:colcon.colcon_core.package_identification:_identify(build) by extensions ['ignore', 'ignore_ament_install']
[0.255s] Level 1:colcon.colcon_core.package_identification:_identify(build) by extension 'ignore'
[0.255s] Level 1:colcon.colcon_core.package_identification:_identify(build) ignored
[0.255s] Level 1:colcon.colcon_core.package_identification:_identify(install) by extensions ['ignore', 'ignore_ament_install']
[0.255s] Level 1:colcon.colcon_core.package_identification:_identify(install) by extension 'ignore'
[0.255s] Level 1:colcon.colcon_core.package_identification:_identify(install) ignored
[0.255s] Level 1:colcon.colcon_core.package_identification:_identify(log) by extensions ['ignore', 'ignore_ament_install']
[0.255s] Level 1:colcon.colcon_core.package_identification:_identify(log) by extension 'ignore'
[0.255s] Level 1:colcon.colcon_core.package_identification:_identify(log) ignored
[0.255s] Level 1:colcon.colcon_core.package_identification:_identify(src) by extensions ['ignore', 'ignore_ament_install']
[0.256s] Level 1:colcon.colcon_core.package_identification:_identify(src) by extension 'ignore'
[0.256s] Level 1:colcon.colcon_core.package_identification:_identify(src) by extension 'ignore_ament_install'
[0.256s] Level 1:colcon.colcon_core.package_identification:_identify(src) by extensions ['colcon_pkg']
[0.256s] Level 1:colcon.colcon_core.package_identification:_identify(src) by extension 'colcon_pkg'
[0.256s] Level 1:colcon.colcon_core.package_identification:_identify(src) by extensions ['colcon_meta']
[0.256s] Level 1:colcon.colcon_core.package_identification:_identify(src) by extension 'colcon_meta'
[0.256s] Level 1:colcon.colcon_core.package_identification:_identify(src) by extensions ['ros']
[0.256s] Level 1:colcon.colcon_core.package_identification:_identify(src) by extension 'ros'
[0.256s] Level 1:colcon.colcon_core.package_identification:_identify(src) by extensions ['cmake', 'python']
[0.256s] Level 1:colcon.colcon_core.package_identification:_identify(src) by extension 'cmake'
[0.256s] Level 1:colcon.colcon_core.package_identification:_identify(src) by extension 'python'
[0.256s] Level 1:colcon.colcon_core.package_identification:_identify(src) by extensions ['python_setup_py']
[0.256s] Level 1:colcon.colcon_core.package_identification:_identify(src) by extension 'python_setup_py'
[0.256s] Level 1:colcon.colcon_core.package_identification:_identify(src/robotic_arms_control) by extensions ['ignore', 'ignore_ament_install']
[0.256s] Level 1:colcon.colcon_core.package_identification:_identify(src/robotic_arms_control) by extension 'ignore'
[0.256s] Level 1:colcon.colcon_core.package_identification:_identify(src/robotic_arms_control) by extension 'ignore_ament_install'
[0.256s] Level 1:colcon.colcon_core.package_identification:_identify(src/robotic_arms_control) by extensions ['colcon_pkg']
[0.256s] Level 1:colcon.colcon_core.package_identification:_identify(src/robotic_arms_control) by extension 'colcon_pkg'
[0.256s] Level 1:colcon.colcon_core.package_identification:_identify(src/robotic_arms_control) by extensions ['colcon_meta']
[0.256s] Level 1:colcon.colcon_core.package_identification:_identify(src/robotic_arms_control) by extension 'colcon_meta'
[0.256s] Level 1:colcon.colcon_core.package_identification:_identify(src/robotic_arms_control) by extensions ['ros']
[0.256s] Level 1:colcon.colcon_core.package_identification:_identify(src/robotic_arms_control) by extension 'ros'
[0.260s] DEBUG:colcon.colcon_core.package_identification:Package 'src/robotic_arms_control' with type 'ros.ament_python' and name 'robotic_arms_control'
[0.260s] Level 1:colcon.colcon_core.package_identification:_identify(src/ur5_description) by extensions ['ignore', 'ignore_ament_install']
[0.260s] Level 1:colcon.colcon_core.package_identification:_identify(src/ur5_description) by extension 'ignore'
[0.260s] Level 1:colcon.colcon_core.package_identification:_identify(src/ur5_description) by extension 'ignore_ament_install'
[0.260s] Level 1:colcon.colcon_core.package_identification:_identify(src/ur5_description) by extensions ['colcon_pkg']
[0.260s] Level 1:colcon.colcon_core.package_identification:_identify(src/ur5_description) by extension 'colcon_pkg'
[0.260s] Level 1:colcon.colcon_core.package_identification:_identify(src/ur5_description) by extensions ['colcon_meta']
[0.260s] Level 1:colcon.colcon_core.package_identification:_identify(src/ur5_description) by extension 'colcon_meta'
[0.260s] Level 1:colcon.colcon_core.package_identification:_identify(src/ur5_description) by extensions ['ros']
[0.260s] Level 1:colcon.colcon_core.package_identification:_identify(src/ur5_description) by extension 'ros'
[0.261s] DEBUG:colcon.colcon_core.package_identification:Package 'src/ur5_description' with type 'ros.ament_cmake' and name 'ur5_description'
[0.261s] Level 1:colcon.colcon_core.package_discovery:discover_packages(recursive) using defaults
[0.261s] Level 1:colcon.colcon_core.package_discovery:discover_packages(ignore) discover
[0.261s] Level 1:colcon.colcon_core.package_discovery:discover_packages(ignore) using defaults
[0.261s] Level 1:colcon.colcon_core.package_discovery:discover_packages(path) discover
[0.261s] Level 1:colcon.colcon_core.package_discovery:discover_packages(path) using defaults
[0.286s] Level 1:colcon.colcon_core.package_discovery:discover_packages(prefix_path) check parameters
[0.286s] Level 1:colcon.colcon_core.package_discovery:discover_packages(prefix_path) discover
[0.289s] DEBUG:colcon.colcon_installed_package_information.package_discovery:Found 2 installed packages in /home/vishal/UR5_AMR_CL_1/install
[0.291s] DEBUG:colcon.colcon_installed_package_information.package_discovery:Found 55 installed packages in /home/vishal/ws_moveit/install
[0.292s] DEBUG:colcon.colcon_installed_package_information.package_discovery:Found 334 installed packages in /opt/ros/humble
[0.294s] Level 1:colcon.colcon_core.package_discovery:discover_packages(prefix_path) using defaults
[0.332s] Level 5:colcon.colcon_core.verb:set package 'robotic_arms_control' build argument 'cmake_args' from command line to 'None'
[0.332s] Level 5:colcon.colcon_core.verb:set package 'robotic_arms_control' build argument 'cmake_target' from command line to 'None'
[0.332s] Level 5:colcon.colcon_core.verb:set package 'robotic_arms_control' build argument 'cmake_target_skip_unavailable' from command line to 'False'
[0.332s] Level 5:colcon.colcon_core.verb:set package 'robotic_arms_control' build argument 'cmake_clean_cache' from command line to 'False'
[0.332s] Level 5:colcon.colcon_core.verb:set package 'robotic_arms_control' build argument 'cmake_clean_first' from command line to 'False'
[0.332s] Level 5:colcon.colcon_core.verb:set package 'robotic_arms_control' build argument 'cmake_force_configure' from command line to 'False'
[0.332s] Level 5:colcon.colcon_core.verb:set package 'robotic_arms_control' build argument 'ament_cmake_args' from command line to 'None'
[0.332s] Level 5:colcon.colcon_core.verb:set package 'robotic_arms_control' build argument 'catkin_cmake_args' from command line to 'None'
[0.332s] Level 5:colcon.colcon_core.verb:set package 'robotic_arms_control' build argument 'catkin_skip_building_tests' from command line to 'False'
[0.332s] DEBUG:colcon.colcon_core.verb:Building package 'robotic_arms_control' with the following arguments: {'ament_cmake_args': None, 'build_base': '/home/vishal/UR5_AMR_CL_1/build/robotic_arms_control', 'catkin_cmake_args': None, 'catkin_skip_building_tests': False, 'cmake_args': None, 'cmake_clean_cache': False, 'cmake_clean_first': False, 'cmake_force_configure': False, 'cmake_target': None, 'cmake_target_skip_unavailable': False, 'install_base': '/home/vishal/UR5_AMR_CL_1/install/robotic_arms_control', 'merge_install': False, 'path': '/home/vishal/UR5_AMR_CL_1/src/robotic_arms_control', 'symlink_install': False, 'test_result_base': None}
[0.333s] Level 5:colcon.colcon_core.verb:set package 'ur5_description' build argument 'cmake_args' from command line to 'None'
[0.333s] Level 5:colcon.colcon_core.verb:set package 'ur5_description' build argument 'cmake_target' from command line to 'None'
[0.333s] Level 5:colcon.colcon_core.verb:set package 'ur5_description' build argument 'cmake_target_skip_unavailable' from command line to 'False'
[0.333s] Level 5:colcon.colcon_core.verb:set package 'ur5_description' build argument 'cmake_clean_cache' from command line to 'False'
[0.333s] Level 5:colcon.colcon_core.verb:set package 'ur5_description' build argument 'cmake_clean_first' from command line to 'False'
[0.333s] Level 5:colcon.colcon_core.verb:set package 'ur5_description' build argument 'cmake_force_configure' from command line to 'False'
[0.333s] Level 5:colcon.colcon_core.verb:set package 'ur5_description' build argument 'ament_cmake_args' from command line to 'None'
[0.333s] Level 5:colcon.colcon_core.verb:set package 'ur5_description' build argument 'catkin_cmake_args' from command line to 'None'
[0.333s] Level 5:colcon.colcon_core.verb:set package 'ur5_description' build argument 'catkin_skip_building_tests' from command line to 'False'
[0.333s] DEBUG:colcon.colcon_core.verb:Building package 'ur5_description' with the following arguments: {'ament_cmake_args': None, 'build_base': '/home/vishal/UR5_AMR_CL_1/build/ur5_description', 'catkin_cmake_args': None, 'catkin_skip_building_tests': False, 'cmake_args': None, 'cmake_clean_cache': False, 'cmake_clean_first': False, 'cmake_force_configure': False, 'cmake_target': None, 'cmake_target_skip_unavailable': False, 'install_base': '/home/vishal/UR5_AMR_CL_1/install/ur5_description', 'merge_install': False, 'path': '/home/vishal/UR5_AMR_CL_1/src/ur5_description', 'symlink_install': False, 'test_result_base': None}
[0.333s] INFO:colcon.colcon_core.executor:Executing jobs using 'parallel' executor
[0.334s] DEBUG:colcon.colcon_parallel_executor.executor.parallel:run_until_complete
[0.334s] INFO:colcon.colcon_ros.task.ament_python.build:Building ROS package in '/home/vishal/UR5_AMR_CL_1/src/robotic_arms_control' with build type 'ament_python'
[0.334s] Level 1:colcon.colcon_core.shell:create_environment_hook('robotic_arms_control', 'ament_prefix_path')
[0.335s] INFO:colcon.colcon_core.plugin_system:Skipping extension 'colcon_core.shell.bat': Not used on non-Windows systems
[0.335s] INFO:colcon.colcon_core.shell:Creating environment hook '/home/vishal/UR5_AMR_CL_1/install/robotic_arms_control/share/robotic_arms_control/hook/ament_prefix_path.ps1'
[0.336s] INFO:colcon.colcon_core.shell:Creating environment descriptor '/home/vishal/UR5_AMR_CL_1/install/robotic_arms_control/share/robotic_arms_control/hook/ament_prefix_path.dsv'
[0.336s] INFO:colcon.colcon_core.shell:Creating environment hook '/home/vishal/UR5_AMR_CL_1/install/robotic_arms_control/share/robotic_arms_control/hook/ament_prefix_path.sh'
[0.337s] INFO:colcon.colcon_core.shell:Skip shell extension 'powershell' for command environment: Not usable outside of PowerShell
[0.337s] DEBUG:colcon.colcon_core.shell:Skip shell extension 'dsv' for command environment
[0.342s] INFO:colcon.colcon_ros.task.ament_cmake.build:Building ROS package in '/home/vishal/UR5_AMR_CL_1/src/ur5_description' with build type 'ament_cmake'
[0.342s] INFO:colcon.colcon_cmake.task.cmake.build:Building CMake package in '/home/vishal/UR5_AMR_CL_1/src/ur5_description'
[0.343s] INFO:colcon.colcon_core.shell:Skip shell extension 'powershell' for command environment: Not usable outside of PowerShell
[0.343s] DEBUG:colcon.colcon_core.shell:Skip shell extension 'dsv' for command environment
[0.568s] INFO:colcon.colcon_core.task.python.build:Building Python package in '/home/vishal/UR5_AMR_CL_1/src/robotic_arms_control'
[0.569s] INFO:colcon.colcon_core.shell:Skip shell extension 'powershell' for command environment: Not usable outside of PowerShell
[0.569s] DEBUG:colcon.colcon_core.shell:Skip shell extension 'dsv' for command environment
[0.579s] DEBUG:colcon.colcon_core.event_handler.log_command:Invoking command in '/home/vishal/UR5_AMR_CL_1/build/ur5_description': CMAKE_PREFIX_PATH=${CMAKE_PREFIX_PATH}:/home/vishal/UR5_AMR_CL_1/install/robotic_arms_control:/home/vishal/ws_moveit/install/moveit_configs_utils:/home/vishal/ws_moveit/install/launch_param_builder:/opt/ros/humble /home/vishal/.local/bin/cmake --build /home/vishal/UR5_AMR_CL_1/build/ur5_description -- -j16 -l16
[0.664s] DEBUG:colcon.colcon_core.event_handler.log_command:Invoked command in '/home/vishal/UR5_AMR_CL_1/build/ur5_description' returned '0': CMAKE_PREFIX_PATH=${CMAKE_PREFIX_PATH}:/home/vishal/UR5_AMR_CL_1/install/robotic_arms_control:/home/vishal/ws_moveit/install/moveit_configs_utils:/home/vishal/ws_moveit/install/launch_param_builder:/opt/ros/humble /home/vishal/.local/bin/cmake --build /home/vishal/UR5_AMR_CL_1/build/ur5_description -- -j16 -l16
[0.756s] DEBUG:colcon.colcon_core.event_handler.log_command:Invoking command in '/home/vishal/UR5_AMR_CL_1/build/ur5_description': CMAKE_PREFIX_PATH=${CMAKE_PREFIX_PATH}:/home/vishal/UR5_AMR_CL_1/install/robotic_arms_control:/home/vishal/ws_moveit/install/moveit_configs_utils:/home/vishal/ws_moveit/install/launch_param_builder:/opt/ros/humble /home/vishal/.local/bin/cmake --install /home/vishal/UR5_AMR_CL_1/build/ur5_description
[0.830s] Level 1:colcon.colcon_core.environment:create_environment_scripts_only(ur5_description)
[0.830s] DEBUG:colcon.colcon_core.event_handler.log_command:Invoked command in '/home/vishal/UR5_AMR_CL_1/build/ur5_description' returned '0': CMAKE_PREFIX_PATH=${CMAKE_PREFIX_PATH}:/home/vishal/UR5_AMR_CL_1/install/robotic_arms_control:/home/vishal/ws_moveit/install/moveit_configs_utils:/home/vishal/ws_moveit/install/launch_param_builder:/opt/ros/humble /home/vishal/.local/bin/cmake --install /home/vishal/UR5_AMR_CL_1/build/ur5_description
[0.832s] Level 1:colcon.colcon_core.environment:checking '/home/vishal/UR5_AMR_CL_1/install/ur5_description' for CMake module files
[0.833s] Level 1:colcon.colcon_core.environment:checking '/home/vishal/UR5_AMR_CL_1/install/ur5_description' for CMake config files
[0.833s] Level 1:colcon.colcon_core.shell:create_environment_hook('ur5_description', 'cmake_prefix_path')
[0.833s] INFO:colcon.colcon_core.shell:Creating environment hook '/home/vishal/UR5_AMR_CL_1/install/ur5_description/share/ur5_description/hook/cmake_prefix_path.ps1'
[0.834s] INFO:colcon.colcon_core.shell:Creating environment descriptor '/home/vishal/UR5_AMR_CL_1/install/ur5_description/share/ur5_description/hook/cmake_prefix_path.dsv'
[0.834s] INFO:colcon.colcon_core.shell:Creating environment hook '/home/vishal/UR5_AMR_CL_1/install/ur5_description/share/ur5_description/hook/cmake_prefix_path.sh'
[0.835s] Level 1:colcon.colcon_core.environment:checking '/home/vishal/UR5_AMR_CL_1/install/ur5_description/bin'
[0.835s] Level 1:colcon.colcon_core.environment:checking '/home/vishal/UR5_AMR_CL_1/install/ur5_description/lib/pkgconfig/ur5_description.pc'
[0.835s] Level 1:colcon.colcon_core.environment:checking '/home/vishal/UR5_AMR_CL_1/install/ur5_description/lib/python3.10/site-packages'
[0.835s] Level 1:colcon.colcon_core.environment:checking '/home/vishal/UR5_AMR_CL_1/install/ur5_description/bin'
[0.836s] INFO:colcon.colcon_core.shell:Creating package script '/home/vishal/UR5_AMR_CL_1/install/ur5_description/share/ur5_description/package.ps1'
[0.836s] INFO:colcon.colcon_core.shell:Creating package descriptor '/home/vishal/UR5_AMR_CL_1/install/ur5_description/share/ur5_description/package.dsv'
[0.837s] INFO:colcon.colcon_core.shell:Creating package script '/home/vishal/UR5_AMR_CL_1/install/ur5_description/share/ur5_description/package.sh'
[0.837s] INFO:colcon.colcon_core.shell:Creating package script '/home/vishal/UR5_AMR_CL_1/install/ur5_description/share/ur5_description/package.bash'
[0.838s] INFO:colcon.colcon_core.shell:Creating package script '/home/vishal/UR5_AMR_CL_1/install/ur5_description/share/ur5_description/package.zsh'
[0.838s] Level 1:colcon.colcon_core.environment:create_file_with_runtime_dependencies(/home/vishal/UR5_AMR_CL_1/install/ur5_description/share/colcon-core/packages/ur5_description)
[0.839s] Level 1:colcon.colcon_core.environment:create_environment_scripts_only(ur5_description)
[0.839s] Level 1:colcon.colcon_core.environment:checking '/home/vishal/UR5_AMR_CL_1/install/ur5_description' for CMake module files
[0.839s] Level 1:colcon.colcon_core.environment:checking '/home/vishal/UR5_AMR_CL_1/install/ur5_description' for CMake config files
[0.839s] Level 1:colcon.colcon_core.shell:create_environment_hook('ur5_description', 'cmake_prefix_path')
[0.839s] INFO:colcon.colcon_core.shell:Creating environment hook '/home/vishal/UR5_AMR_CL_1/install/ur5_description/share/ur5_description/hook/cmake_prefix_path.ps1'
[0.840s] INFO:colcon.colcon_core.shell:Creating environment descriptor '/home/vishal/UR5_AMR_CL_1/install/ur5_description/share/ur5_description/hook/cmake_prefix_path.dsv'
[0.840s] INFO:colcon.colcon_core.shell:Creating environment hook '/home/vishal/UR5_AMR_CL_1/install/ur5_description/share/ur5_description/hook/cmake_prefix_path.sh'
[0.840s] Level 1:colcon.colcon_core.environment:checking '/home/vishal/UR5_AMR_CL_1/install/ur5_description/bin'
[0.840s] Level 1:colcon.colcon_core.environment:checking '/home/vishal/UR5_AMR_CL_1/install/ur5_description/lib/pkgconfig/ur5_description.pc'
[0.840s] Level 1:colcon.colcon_core.environment:checking '/home/vishal/UR5_AMR_CL_1/install/ur5_description/lib/python3.10/site-packages'
[0.841s] Level 1:colcon.colcon_core.environment:checking '/home/vishal/UR5_AMR_CL_1/install/ur5_description/bin'
[0.841s] INFO:colcon.colcon_core.shell:Creating package script '/home/vishal/UR5_AMR_CL_1/install/ur5_description/share/ur5_description/package.ps1'
[0.841s] INFO:colcon.colcon_core.shell:Creating package descriptor '/home/vishal/UR5_AMR_CL_1/install/ur5_description/share/ur5_description/package.dsv'
[0.841s] INFO:colcon.colcon_core.shell:Creating package script '/home/vishal/UR5_AMR_CL_1/install/ur5_description/share/ur5_description/package.sh'
[0.842s] INFO:colcon.colcon_core.shell:Creating package script '/home/vishal/UR5_AMR_CL_1/install/ur5_description/share/ur5_description/package.bash'
[0.842s] INFO:colcon.colcon_core.shell:Creating package script '/home/vishal/UR5_AMR_CL_1/install/ur5_description/share/ur5_description/package.zsh'
[0.842s] Level 1:colcon.colcon_core.environment:create_file_with_runtime_dependencies(/home/vishal/UR5_AMR_CL_1/install/ur5_description/share/colcon-core/packages/ur5_description)
[0.895s] DEBUG:colcon.colcon_core.event_handler.log_command:Invoking command in '/home/vishal/UR5_AMR_CL_1/src/robotic_arms_control': PYTHONPATH=/home/vishal/UR5_AMR_CL_1/build/robotic_arms_control/prefix_override:/usr/lib/python3/dist-packages/colcon_core/task/python/colcon_distutils_commands:/home/vishal/UR5_AMR_CL_1/install/robotic_arms_control/lib/python3.10/site-packages:${PYTHONPATH} /usr/bin/python3 -W ignore:setup.py install is deprecated -W ignore:easy_install command is deprecated setup.py egg_info --egg-base ../../build/robotic_arms_control build --build-base /home/vishal/UR5_AMR_CL_1/build/robotic_arms_control/build install --record /home/vishal/UR5_AMR_CL_1/build/robotic_arms_control/install.log --single-version-externally-managed install_data
[1.144s] Level 1:colcon.colcon_core.environment:checking '/home/vishal/UR5_AMR_CL_1/install/robotic_arms_control' for CMake module files
[1.144s] DEBUG:colcon.colcon_core.event_handler.log_command:Invoked command in '/home/vishal/UR5_AMR_CL_1/src/robotic_arms_control' returned '0': PYTHONPATH=/home/vishal/UR5_AMR_CL_1/build/robotic_arms_control/prefix_override:/usr/lib/python3/dist-packages/colcon_core/task/python/colcon_distutils_commands:/home/vishal/UR5_AMR_CL_1/install/robotic_arms_control/lib/python3.10/site-packages:${PYTHONPATH} /usr/bin/python3 -W ignore:setup.py install is deprecated -W ignore:easy_install command is deprecated setup.py egg_info --egg-base ../../build/robotic_arms_control build --build-base /home/vishal/UR5_AMR_CL_1/build/robotic_arms_control/build install --record /home/vishal/UR5_AMR_CL_1/build/robotic_arms_control/install.log --single-version-externally-managed install_data
[1.145s] Level 1:colcon.colcon_core.environment:checking '/home/vishal/UR5_AMR_CL_1/install/robotic_arms_control' for CMake config files
[1.145s] Level 1:colcon.colcon_core.environment:checking '/home/vishal/UR5_AMR_CL_1/install/robotic_arms_control/lib'
[1.145s] Level 1:colcon.colcon_core.environment:checking '/home/vishal/UR5_AMR_CL_1/install/robotic_arms_control/bin'
[1.146s] Level 1:colcon.colcon_core.environment:checking '/home/vishal/UR5_AMR_CL_1/install/robotic_arms_control/lib/pkgconfig/robotic_arms_control.pc'
[1.146s] Level 1:colcon.colcon_core.environment:checking '/home/vishal/UR5_AMR_CL_1/install/robotic_arms_control/lib/python3.10/site-packages'
[1.146s] Level 1:colcon.colcon_core.shell:create_environment_hook('robotic_arms_control', 'pythonpath')
[1.146s] INFO:colcon.colcon_core.shell:Creating environment hook '/home/vishal/UR5_AMR_CL_1/install/robotic_arms_control/share/robotic_arms_control/hook/pythonpath.ps1'
[1.147s] INFO:colcon.colcon_core.shell:Creating environment descriptor '/home/vishal/UR5_AMR_CL_1/install/robotic_arms_control/share/robotic_arms_control/hook/pythonpath.dsv'
[1.147s] INFO:colcon.colcon_core.shell:Creating environment hook '/home/vishal/UR5_AMR_CL_1/install/robotic_arms_control/share/robotic_arms_control/hook/pythonpath.sh'
[1.148s] Level 1:colcon.colcon_core.environment:checking '/home/vishal/UR5_AMR_CL_1/install/robotic_arms_control/bin'
[1.148s] Level 1:colcon.colcon_core.environment:create_environment_scripts_only(robotic_arms_control)
[1.148s] INFO:colcon.colcon_core.shell:Creating package script '/home/vishal/UR5_AMR_CL_1/install/robotic_arms_control/share/robotic_arms_control/package.ps1'
[1.148s] INFO:colcon.colcon_core.shell:Creating package descriptor '/home/vishal/UR5_AMR_CL_1/install/robotic_arms_control/share/robotic_arms_control/package.dsv'
[1.149s] INFO:colcon.colcon_core.shell:Creating package script '/home/vishal/UR5_AMR_CL_1/install/robotic_arms_control/share/robotic_arms_control/package.sh'
[1.149s] INFO:colcon.colcon_core.shell:Creating package script '/home/vishal/UR5_AMR_CL_1/install/robotic_arms_control/share/robotic_arms_control/package.bash'
[1.149s] INFO:colcon.colcon_core.shell:Creating package script '/home/vishal/UR5_AMR_CL_1/install/robotic_arms_control/share/robotic_arms_control/package.zsh'
[1.150s] Level 1:colcon.colcon_core.environment:create_file_with_runtime_dependencies(/home/vishal/UR5_AMR_CL_1/install/robotic_arms_control/share/colcon-core/packages/robotic_arms_control)
[1.150s] DEBUG:colcon.colcon_parallel_executor.executor.parallel:closing loop
[1.150s] DEBUG:colcon.colcon_parallel_executor.executor.parallel:loop closed
[1.150s] DEBUG:colcon.colcon_parallel_executor.executor.parallel:run_until_complete finished with '0'
[1.150s] DEBUG:colcon.colcon_core.event_reactor:joining thread
[1.156s] INFO:colcon.colcon_core.plugin_system:Skipping extension 'colcon_notification.desktop_notification.terminal_notifier': Not used on non-Darwin systems
[1.156s] INFO:colcon.colcon_core.plugin_system:Skipping extension 'colcon_notification.desktop_notification.win32': Not used on non-Windows systems
[1.156s] INFO:colcon.colcon_notification.desktop_notification:Sending desktop notification using 'notify2'
[1.162s] DEBUG:colcon.colcon_core.event_reactor:joined thread
[1.162s] INFO:colcon.colcon_core.shell:Creating prefix script '/home/vishal/UR5_AMR_CL_1/install/local_setup.ps1'
[1.163s] INFO:colcon.colcon_core.shell:Creating prefix util module '/home/vishal/UR5_AMR_CL_1/install/_local_setup_util_ps1.py'
[1.164s] INFO:colcon.colcon_core.shell:Creating prefix chain script '/home/vishal/UR5_AMR_CL_1/install/setup.ps1'
[1.167s] INFO:colcon.colcon_core.shell:Creating prefix script '/home/vishal/UR5_AMR_CL_1/install/local_setup.sh'
[1.167s] INFO:colcon.colcon_core.shell:Creating prefix util module '/home/vishal/UR5_AMR_CL_1/install/_local_setup_util_sh.py'
[1.168s] INFO:colcon.colcon_core.shell:Creating prefix chain script '/home/vishal/UR5_AMR_CL_1/install/setup.sh'
[1.170s] INFO:colcon.colcon_core.shell:Creating prefix script '/home/vishal/UR5_AMR_CL_1/install/local_setup.bash'
[1.170s] INFO:colcon.colcon_core.shell:Creating prefix chain script '/home/vishal/UR5_AMR_CL_1/install/setup.bash'
[1.173s] INFO:colcon.colcon_core.shell:Creating prefix script '/home/vishal/UR5_AMR_CL_1/install/local_setup.zsh'
[1.174s] INFO:colcon.colcon_core.shell:Creating prefix chain script '/home/vishal/UR5_AMR_CL_1/install/setup.zsh'
