[0.542s] Invoking command in '/home/vishal/UR5_robot/src/robotic_arms_control': PYTHONPATH=/home/vishal/UR5_robot/build/robotic_arms_control/prefix_override:/usr/lib/python3/dist-packages/colcon_core/task/python/colcon_distutils_commands:/home/vishal/UR5_robot/install/robotic_arms_control/lib/python3.10/site-packages:${PYTHONPATH} /usr/bin/python3 -W ignore:setup.py install is deprecated -W ignore:easy_install command is deprecated setup.py egg_info --egg-base ../../build/robotic_arms_control build --build-base /home/vishal/UR5_robot/build/robotic_arms_control/build install --record /home/vishal/UR5_robot/build/robotic_arms_control/install.log --single-version-externally-managed install_data
[0.734s] running egg_info
[0.734s] writing ../../build/robotic_arms_control/robotic_arms_control.egg-info/PKG-INFO
[0.735s] writing dependency_links to ../../build/robotic_arms_control/robotic_arms_control.egg-info/dependency_links.txt
[0.735s] writing entry points to ../../build/robotic_arms_control/robotic_arms_control.egg-info/entry_points.txt
[0.735s] writing requirements to ../../build/robotic_arms_control/robotic_arms_control.egg-info/requires.txt
[0.735s] writing top-level names to ../../build/robotic_arms_control/robotic_arms_control.egg-info/top_level.txt
[0.736s] reading manifest file '../../build/robotic_arms_control/robotic_arms_control.egg-info/SOURCES.txt'
[0.737s] writing manifest file '../../build/robotic_arms_control/robotic_arms_control.egg-info/SOURCES.txt'
[0.737s] running build
[0.737s] running build_py
[0.738s] running install
[0.738s] running install_lib
[0.739s] running install_data
[0.739s] copying package.xml -> /home/vishal/UR5_robot/install/robotic_arms_control/share/robotic_arms_control
[0.739s] copying robotic_arms_control/launch/gazebo_bringup_ur5.launch.py -> /home/vishal/UR5_robot/install/robotic_arms_control/share/robotic_arms_control/launch
[0.739s] copying robotic_arms_control/urdf/ur51.urdf -> /home/vishal/UR5_robot/install/robotic_arms_control/share/robotic_arms_control/urdf
[0.739s] copying robotic_arms_control/urdf/ur5jointlimitedrobot.urdf -> /home/vishal/UR5_robot/install/robotic_arms_control/share/robotic_arms_control/urdf
[0.739s] copying robotic_arms_control/urdf/ur5robot.urdf -> /home/vishal/UR5_robot/install/robotic_arms_control/share/robotic_arms_control/urdf
[0.739s] running install_egg_info
[0.741s] removing '/home/vishal/UR5_robot/install/robotic_arms_control/lib/python3.10/site-packages/robotic_arms_control-0.0.0-py3.10.egg-info' (and everything under it)
[0.741s] Copying ../../build/robotic_arms_control/robotic_arms_control.egg-info to /home/vishal/UR5_robot/install/robotic_arms_control/lib/python3.10/site-packages/robotic_arms_control-0.0.0-py3.10.egg-info
[0.742s] running install_scripts
[0.756s] Installing joint_state_controller_test script to /home/vishal/UR5_robot/install/robotic_arms_control/lib/robotic_arms_control
[0.756s] Installing jtc_multi_goals script to /home/vishal/UR5_robot/install/robotic_arms_control/lib/robotic_arms_control
[0.757s] Installing kinematic_solver_IK script to /home/vishal/UR5_robot/install/robotic_arms_control/lib/robotic_arms_control
[0.757s] Installing transform_publisher script to /home/vishal/UR5_robot/install/robotic_arms_control/lib/robotic_arms_control
[0.757s] writing list of installed files to '/home/vishal/UR5_robot/build/robotic_arms_control/install.log'
[0.776s] Invoked command in '/home/vishal/UR5_robot/src/robotic_arms_control' returned '0': PYTHONPATH=/home/vishal/UR5_robot/build/robotic_arms_control/prefix_override:/usr/lib/python3/dist-packages/colcon_core/task/python/colcon_distutils_commands:/home/vishal/UR5_robot/install/robotic_arms_control/lib/python3.10/site-packages:${PYTHONPATH} /usr/bin/python3 -W ignore:setup.py install is deprecated -W ignore:easy_install command is deprecated setup.py egg_info --egg-base ../../build/robotic_arms_control build --build-base /home/vishal/UR5_robot/build/robotic_arms_control/build install --record /home/vishal/UR5_robot/build/robotic_arms_control/install.log --single-version-externally-managed install_data
