[0.090s] DEBUG:colcon:Command line arguments: ['/usr/bin/colcon', 'build']
[0.090s] DEBUG:colcon:Parsed command line arguments: Namespace(log_base=None, log_level=None, verb_name='build', build_base='build', install_base='install', merge_install=False, symlink_install=False, test_result_base=None, continue_on_error=False, executor='parallel', parallel_workers=16, event_handlers=None, ignore_user_meta=False, metas=['./colcon.meta'], base_paths=['.'], packages_ignore=None, packages_ignore_regex=None, paths=None, packages_up_to=None, packages_up_to_regex=None, packages_above=None, packages_above_and_dependencies=None, packages_above_depth=None, packages_select_by_dep=None, packages_skip_by_dep=None, packages_skip_up_to=None, packages_select_build_failed=False, packages_skip_build_finished=False, packages_select_test_failures=False, packages_skip_test_passed=False, packages_select=None, packages_skip=None, packages_select_regex=None, packages_skip_regex=None, packages_start=None, packages_end=None, allow_overriding=[], cmake_args=None, cmake_target=None, cmake_target_skip_unavailable=False, cmake_clean_cache=False, cmake_clean_first=False, cmake_force_configure=False, ament_cmake_args=None, catkin_cmake_args=None, catkin_skip_building_tests=False, mixin_files=None, mixin=None, verb_parser=<colcon_mixin.mixin.mixin_argument.MixinArgumentDecorator object at 0x7e01ec498910>, verb_extension=<colcon_core.verb.build.BuildVerb object at 0x7e01ec498220>, main=<bound method BuildVerb.main of <colcon_core.verb.build.BuildVerb object at 0x7e01ec498220>>, mixin_verb=('build',))
[0.227s] Level 1:colcon.colcon_core.package_discovery:discover_packages(colcon_meta) check parameters
[0.227s] Level 1:colcon.colcon_core.package_discovery:discover_packages(recursive) check parameters
[0.227s] Level 1:colcon.colcon_core.package_discovery:discover_packages(ignore) check parameters
[0.227s] Level 1:colcon.colcon_core.package_discovery:discover_packages(path) check parameters
[0.227s] Level 1:colcon.colcon_core.package_discovery:discover_packages(colcon_meta) discover
[0.227s] Level 1:colcon.colcon_core.package_discovery:discover_packages(recursive) discover
[0.227s] INFO:colcon.colcon_core.package_discovery:Crawling recursively for packages in '/home/vishal/UR5_robot'
[0.227s] Level 1:colcon.colcon_core.package_identification:_identify(.) by extensions ['ignore', 'ignore_ament_install']
[0.227s] Level 1:colcon.colcon_core.package_identification:_identify(.) by extension 'ignore'
[0.227s] Level 1:colcon.colcon_core.package_identification:_identify(.) by extension 'ignore_ament_install'
[0.227s] Level 1:colcon.colcon_core.package_identification:_identify(.) by extensions ['colcon_pkg']
[0.227s] Level 1:colcon.colcon_core.package_identification:_identify(.) by extension 'colcon_pkg'
[0.227s] Level 1:colcon.colcon_core.package_identification:_identify(.) by extensions ['colcon_meta']
[0.227s] Level 1:colcon.colcon_core.package_identification:_identify(.) by extension 'colcon_meta'
[0.227s] Level 1:colcon.colcon_core.package_identification:_identify(.) by extensions ['ros']
[0.227s] Level 1:colcon.colcon_core.package_identification:_identify(.) by extension 'ros'
[0.235s] Level 1:colcon.colcon_core.package_identification:_identify(.) by extensions ['cmake', 'python']
[0.235s] Level 1:colcon.colcon_core.package_identification:_identify(.) by extension 'cmake'
[0.235s] Level 1:colcon.colcon_core.package_identification:_identify(.) by extension 'python'
[0.235s] Level 1:colcon.colcon_core.package_identification:_identify(.) by extensions ['python_setup_py']
[0.235s] Level 1:colcon.colcon_core.package_identification:_identify(.) by extension 'python_setup_py'
[0.235s] Level 1:colcon.colcon_core.package_identification:_identify(build) by extensions ['ignore', 'ignore_ament_install']
[0.235s] Level 1:colcon.colcon_core.package_identification:_identify(build) by extension 'ignore'
[0.235s] Level 1:colcon.colcon_core.package_identification:_identify(build) ignored
[0.235s] Level 1:colcon.colcon_core.package_identification:_identify(install) by extensions ['ignore', 'ignore_ament_install']
[0.235s] Level 1:colcon.colcon_core.package_identification:_identify(install) by extension 'ignore'
[0.235s] Level 1:colcon.colcon_core.package_identification:_identify(install) ignored
[0.235s] Level 1:colcon.colcon_core.package_identification:_identify(log) by extensions ['ignore', 'ignore_ament_install']
[0.236s] Level 1:colcon.colcon_core.package_identification:_identify(log) by extension 'ignore'
[0.236s] Level 1:colcon.colcon_core.package_identification:_identify(log) ignored
[0.236s] Level 1:colcon.colcon_core.package_identification:_identify(src) by extensions ['ignore', 'ignore_ament_install']
[0.236s] Level 1:colcon.colcon_core.package_identification:_identify(src) by extension 'ignore'
[0.236s] Level 1:colcon.colcon_core.package_identification:_identify(src) by extension 'ignore_ament_install'
[0.236s] Level 1:colcon.colcon_core.package_identification:_identify(src) by extensions ['colcon_pkg']
[0.236s] Level 1:colcon.colcon_core.package_identification:_identify(src) by extension 'colcon_pkg'
[0.236s] Level 1:colcon.colcon_core.package_identification:_identify(src) by extensions ['colcon_meta']
[0.236s] Level 1:colcon.colcon_core.package_identification:_identify(src) by extension 'colcon_meta'
[0.236s] Level 1:colcon.colcon_core.package_identification:_identify(src) by extensions ['ros']
[0.236s] Level 1:colcon.colcon_core.package_identification:_identify(src) by extension 'ros'
[0.236s] Level 1:colcon.colcon_core.package_identification:_identify(src) by extensions ['cmake', 'python']
[0.236s] Level 1:colcon.colcon_core.package_identification:_identify(src) by extension 'cmake'
[0.236s] Level 1:colcon.colcon_core.package_identification:_identify(src) by extension 'python'
[0.236s] Level 1:colcon.colcon_core.package_identification:_identify(src) by extensions ['python_setup_py']
[0.236s] Level 1:colcon.colcon_core.package_identification:_identify(src) by extension 'python_setup_py'
[0.236s] Level 1:colcon.colcon_core.package_identification:_identify(src/robotic_arms_control) by extensions ['ignore', 'ignore_ament_install']
[0.236s] Level 1:colcon.colcon_core.package_identification:_identify(src/robotic_arms_control) by extension 'ignore'
[0.236s] Level 1:colcon.colcon_core.package_identification:_identify(src/robotic_arms_control) by extension 'ignore_ament_install'
[0.236s] Level 1:colcon.colcon_core.package_identification:_identify(src/robotic_arms_control) by extensions ['colcon_pkg']
[0.236s] Level 1:colcon.colcon_core.package_identification:_identify(src/robotic_arms_control) by extension 'colcon_pkg'
[0.236s] Level 1:colcon.colcon_core.package_identification:_identify(src/robotic_arms_control) by extensions ['colcon_meta']
[0.236s] Level 1:colcon.colcon_core.package_identification:_identify(src/robotic_arms_control) by extension 'colcon_meta'
[0.236s] Level 1:colcon.colcon_core.package_identification:_identify(src/robotic_arms_control) by extensions ['ros']
[0.236s] Level 1:colcon.colcon_core.package_identification:_identify(src/robotic_arms_control) by extension 'ros'
[0.238s] DEBUG:colcon.colcon_core.package_identification:Package 'src/robotic_arms_control' with type 'ros.ament_python' and name 'robotic_arms_control'
[0.239s] Level 1:colcon.colcon_core.package_identification:_identify(src/ur5_description) by extensions ['ignore', 'ignore_ament_install']
[0.239s] Level 1:colcon.colcon_core.package_identification:_identify(src/ur5_description) by extension 'ignore'
[0.239s] Level 1:colcon.colcon_core.package_identification:_identify(src/ur5_description) by extension 'ignore_ament_install'
[0.239s] Level 1:colcon.colcon_core.package_identification:_identify(src/ur5_description) by extensions ['colcon_pkg']
[0.239s] Level 1:colcon.colcon_core.package_identification:_identify(src/ur5_description) by extension 'colcon_pkg'
[0.239s] Level 1:colcon.colcon_core.package_identification:_identify(src/ur5_description) by extensions ['colcon_meta']
[0.239s] Level 1:colcon.colcon_core.package_identification:_identify(src/ur5_description) by extension 'colcon_meta'
[0.239s] Level 1:colcon.colcon_core.package_identification:_identify(src/ur5_description) by extensions ['ros']
[0.239s] Level 1:colcon.colcon_core.package_identification:_identify(src/ur5_description) by extension 'ros'
[0.239s] Level 1:colcon.colcon_core.package_identification:_identify(src/ur5_description) by extensions ['cmake', 'python']
[0.239s] Level 1:colcon.colcon_core.package_identification:_identify(src/ur5_description) by extension 'cmake'
[0.239s] Level 1:colcon.colcon_core.package_identification:_identify(src/ur5_description) by extension 'python'
[0.239s] Level 1:colcon.colcon_core.package_identification:_identify(src/ur5_description) by extensions ['python_setup_py']
[0.239s] Level 1:colcon.colcon_core.package_identification:_identify(src/ur5_description) by extension 'python_setup_py'
[0.239s] Level 1:colcon.colcon_core.package_identification:_identify(src/ur5_description/launch) by extensions ['ignore', 'ignore_ament_install']
[0.239s] Level 1:colcon.colcon_core.package_identification:_identify(src/ur5_description/launch) by extension 'ignore'
[0.239s] Level 1:colcon.colcon_core.package_identification:_identify(src/ur5_description/launch) by extension 'ignore_ament_install'
[0.239s] Level 1:colcon.colcon_core.package_identification:_identify(src/ur5_description/launch) by extensions ['colcon_pkg']
[0.239s] Level 1:colcon.colcon_core.package_identification:_identify(src/ur5_description/launch) by extension 'colcon_pkg'
[0.239s] Level 1:colcon.colcon_core.package_identification:_identify(src/ur5_description/launch) by extensions ['colcon_meta']
[0.239s] Level 1:colcon.colcon_core.package_identification:_identify(src/ur5_description/launch) by extension 'colcon_meta'
[0.239s] Level 1:colcon.colcon_core.package_identification:_identify(src/ur5_description/launch) by extensions ['ros']
[0.239s] Level 1:colcon.colcon_core.package_identification:_identify(src/ur5_description/launch) by extension 'ros'
[0.239s] Level 1:colcon.colcon_core.package_identification:_identify(src/ur5_description/launch) by extensions ['cmake', 'python']
[0.239s] Level 1:colcon.colcon_core.package_identification:_identify(src/ur5_description/launch) by extension 'cmake'
[0.239s] Level 1:colcon.colcon_core.package_identification:_identify(src/ur5_description/launch) by extension 'python'
[0.239s] Level 1:colcon.colcon_core.package_identification:_identify(src/ur5_description/launch) by extensions ['python_setup_py']
[0.240s] Level 1:colcon.colcon_core.package_identification:_identify(src/ur5_description/launch) by extension 'python_setup_py'
[0.240s] Level 1:colcon.colcon_core.package_identification:_identify(src/ur5_description/meshes) by extensions ['ignore', 'ignore_ament_install']
[0.240s] Level 1:colcon.colcon_core.package_identification:_identify(src/ur5_description/meshes) by extension 'ignore'
[0.240s] Level 1:colcon.colcon_core.package_identification:_identify(src/ur5_description/meshes) by extension 'ignore_ament_install'
[0.240s] Level 1:colcon.colcon_core.package_identification:_identify(src/ur5_description/meshes) by extensions ['colcon_pkg']
[0.240s] Level 1:colcon.colcon_core.package_identification:_identify(src/ur5_description/meshes) by extension 'colcon_pkg'
[0.240s] Level 1:colcon.colcon_core.package_identification:_identify(src/ur5_description/meshes) by extensions ['colcon_meta']
[0.240s] Level 1:colcon.colcon_core.package_identification:_identify(src/ur5_description/meshes) by extension 'colcon_meta'
[0.240s] Level 1:colcon.colcon_core.package_identification:_identify(src/ur5_description/meshes) by extensions ['ros']
[0.240s] Level 1:colcon.colcon_core.package_identification:_identify(src/ur5_description/meshes) by extension 'ros'
[0.240s] Level 1:colcon.colcon_core.package_identification:_identify(src/ur5_description/meshes) by extensions ['cmake', 'python']
[0.240s] Level 1:colcon.colcon_core.package_identification:_identify(src/ur5_description/meshes) by extension 'cmake'
[0.240s] Level 1:colcon.colcon_core.package_identification:_identify(src/ur5_description/meshes) by extension 'python'
[0.240s] Level 1:colcon.colcon_core.package_identification:_identify(src/ur5_description/meshes) by extensions ['python_setup_py']
[0.240s] Level 1:colcon.colcon_core.package_identification:_identify(src/ur5_description/meshes) by extension 'python_setup_py'
[0.240s] Level 1:colcon.colcon_core.package_identification:_identify(src/ur5_description/meshes/ur5) by extensions ['ignore', 'ignore_ament_install']
[0.240s] Level 1:colcon.colcon_core.package_identification:_identify(src/ur5_description/meshes/ur5) by extension 'ignore'
[0.240s] Level 1:colcon.colcon_core.package_identification:_identify(src/ur5_description/meshes/ur5) by extension 'ignore_ament_install'
[0.240s] Level 1:colcon.colcon_core.package_identification:_identify(src/ur5_description/meshes/ur5) by extensions ['colcon_pkg']
[0.240s] Level 1:colcon.colcon_core.package_identification:_identify(src/ur5_description/meshes/ur5) by extension 'colcon_pkg'
[0.240s] Level 1:colcon.colcon_core.package_identification:_identify(src/ur5_description/meshes/ur5) by extensions ['colcon_meta']
[0.240s] Level 1:colcon.colcon_core.package_identification:_identify(src/ur5_description/meshes/ur5) by extension 'colcon_meta'
[0.240s] Level 1:colcon.colcon_core.package_identification:_identify(src/ur5_description/meshes/ur5) by extensions ['ros']
[0.240s] Level 1:colcon.colcon_core.package_identification:_identify(src/ur5_description/meshes/ur5) by extension 'ros'
[0.240s] Level 1:colcon.colcon_core.package_identification:_identify(src/ur5_description/meshes/ur5) by extensions ['cmake', 'python']
[0.240s] Level 1:colcon.colcon_core.package_identification:_identify(src/ur5_description/meshes/ur5) by extension 'cmake'
[0.240s] Level 1:colcon.colcon_core.package_identification:_identify(src/ur5_description/meshes/ur5) by extension 'python'
[0.240s] Level 1:colcon.colcon_core.package_identification:_identify(src/ur5_description/meshes/ur5) by extensions ['python_setup_py']
[0.240s] Level 1:colcon.colcon_core.package_identification:_identify(src/ur5_description/meshes/ur5) by extension 'python_setup_py'
[0.241s] Level 1:colcon.colcon_core.package_identification:_identify(src/ur5_description/meshes/ur5/collision) by extensions ['ignore', 'ignore_ament_install']
[0.241s] Level 1:colcon.colcon_core.package_identification:_identify(src/ur5_description/meshes/ur5/collision) by extension 'ignore'
[0.241s] Level 1:colcon.colcon_core.package_identification:_identify(src/ur5_description/meshes/ur5/collision) by extension 'ignore_ament_install'
[0.241s] Level 1:colcon.colcon_core.package_identification:_identify(src/ur5_description/meshes/ur5/collision) by extensions ['colcon_pkg']
[0.241s] Level 1:colcon.colcon_core.package_identification:_identify(src/ur5_description/meshes/ur5/collision) by extension 'colcon_pkg'
[0.241s] Level 1:colcon.colcon_core.package_identification:_identify(src/ur5_description/meshes/ur5/collision) by extensions ['colcon_meta']
[0.241s] Level 1:colcon.colcon_core.package_identification:_identify(src/ur5_description/meshes/ur5/collision) by extension 'colcon_meta'
[0.241s] Level 1:colcon.colcon_core.package_identification:_identify(src/ur5_description/meshes/ur5/collision) by extensions ['ros']
[0.241s] Level 1:colcon.colcon_core.package_identification:_identify(src/ur5_description/meshes/ur5/collision) by extension 'ros'
[0.241s] Level 1:colcon.colcon_core.package_identification:_identify(src/ur5_description/meshes/ur5/collision) by extensions ['cmake', 'python']
[0.241s] Level 1:colcon.colcon_core.package_identification:_identify(src/ur5_description/meshes/ur5/collision) by extension 'cmake'
[0.241s] Level 1:colcon.colcon_core.package_identification:_identify(src/ur5_description/meshes/ur5/collision) by extension 'python'
[0.241s] Level 1:colcon.colcon_core.package_identification:_identify(src/ur5_description/meshes/ur5/collision) by extensions ['python_setup_py']
[0.241s] Level 1:colcon.colcon_core.package_identification:_identify(src/ur5_description/meshes/ur5/collision) by extension 'python_setup_py'
[0.241s] Level 1:colcon.colcon_core.package_identification:_identify(src/ur5_description/meshes/ur5/visual) by extensions ['ignore', 'ignore_ament_install']
[0.241s] Level 1:colcon.colcon_core.package_identification:_identify(src/ur5_description/meshes/ur5/visual) by extension 'ignore'
[0.241s] Level 1:colcon.colcon_core.package_identification:_identify(src/ur5_description/meshes/ur5/visual) by extension 'ignore_ament_install'
[0.241s] Level 1:colcon.colcon_core.package_identification:_identify(src/ur5_description/meshes/ur5/visual) by extensions ['colcon_pkg']
[0.241s] Level 1:colcon.colcon_core.package_identification:_identify(src/ur5_description/meshes/ur5/visual) by extension 'colcon_pkg'
[0.241s] Level 1:colcon.colcon_core.package_identification:_identify(src/ur5_description/meshes/ur5/visual) by extensions ['colcon_meta']
[0.241s] Level 1:colcon.colcon_core.package_identification:_identify(src/ur5_description/meshes/ur5/visual) by extension 'colcon_meta'
[0.241s] Level 1:colcon.colcon_core.package_identification:_identify(src/ur5_description/meshes/ur5/visual) by extensions ['ros']
[0.241s] Level 1:colcon.colcon_core.package_identification:_identify(src/ur5_description/meshes/ur5/visual) by extension 'ros'
[0.241s] Level 1:colcon.colcon_core.package_identification:_identify(src/ur5_description/meshes/ur5/visual) by extensions ['cmake', 'python']
[0.241s] Level 1:colcon.colcon_core.package_identification:_identify(src/ur5_description/meshes/ur5/visual) by extension 'cmake'
[0.241s] Level 1:colcon.colcon_core.package_identification:_identify(src/ur5_description/meshes/ur5/visual) by extension 'python'
[0.241s] Level 1:colcon.colcon_core.package_identification:_identify(src/ur5_description/meshes/ur5/visual) by extensions ['python_setup_py']
[0.241s] Level 1:colcon.colcon_core.package_identification:_identify(src/ur5_description/meshes/ur5/visual) by extension 'python_setup_py'
[0.242s] Level 1:colcon.colcon_core.package_identification:_identify(src/ur5_description/robots) by extensions ['ignore', 'ignore_ament_install']
[0.242s] Level 1:colcon.colcon_core.package_identification:_identify(src/ur5_description/robots) by extension 'ignore'
[0.242s] Level 1:colcon.colcon_core.package_identification:_identify(src/ur5_description/robots) by extension 'ignore_ament_install'
[0.242s] Level 1:colcon.colcon_core.package_identification:_identify(src/ur5_description/robots) by extensions ['colcon_pkg']
[0.242s] Level 1:colcon.colcon_core.package_identification:_identify(src/ur5_description/robots) by extension 'colcon_pkg'
[0.242s] Level 1:colcon.colcon_core.package_identification:_identify(src/ur5_description/robots) by extensions ['colcon_meta']
[0.242s] Level 1:colcon.colcon_core.package_identification:_identify(src/ur5_description/robots) by extension 'colcon_meta'
[0.242s] Level 1:colcon.colcon_core.package_identification:_identify(src/ur5_description/robots) by extensions ['ros']
[0.242s] Level 1:colcon.colcon_core.package_identification:_identify(src/ur5_description/robots) by extension 'ros'
[0.242s] Level 1:colcon.colcon_core.package_identification:_identify(src/ur5_description/robots) by extensions ['cmake', 'python']
[0.242s] Level 1:colcon.colcon_core.package_identification:_identify(src/ur5_description/robots) by extension 'cmake'
[0.242s] Level 1:colcon.colcon_core.package_identification:_identify(src/ur5_description/robots) by extension 'python'
[0.242s] Level 1:colcon.colcon_core.package_identification:_identify(src/ur5_description/robots) by extensions ['python_setup_py']
[0.242s] Level 1:colcon.colcon_core.package_identification:_identify(src/ur5_description/robots) by extension 'python_setup_py'
[0.242s] Level 1:colcon.colcon_core.package_identification:_identify(src/ur5_description/rviz) by extensions ['ignore', 'ignore_ament_install']
[0.242s] Level 1:colcon.colcon_core.package_identification:_identify(src/ur5_description/rviz) by extension 'ignore'
[0.242s] Level 1:colcon.colcon_core.package_identification:_identify(src/ur5_description/rviz) by extension 'ignore_ament_install'
[0.242s] Level 1:colcon.colcon_core.package_identification:_identify(src/ur5_description/rviz) by extensions ['colcon_pkg']
[0.242s] Level 1:colcon.colcon_core.package_identification:_identify(src/ur5_description/rviz) by extension 'colcon_pkg'
[0.242s] Level 1:colcon.colcon_core.package_identification:_identify(src/ur5_description/rviz) by extensions ['colcon_meta']
[0.242s] Level 1:colcon.colcon_core.package_identification:_identify(src/ur5_description/rviz) by extension 'colcon_meta'
[0.242s] Level 1:colcon.colcon_core.package_identification:_identify(src/ur5_description/rviz) by extensions ['ros']
[0.242s] Level 1:colcon.colcon_core.package_identification:_identify(src/ur5_description/rviz) by extension 'ros'
[0.242s] Level 1:colcon.colcon_core.package_identification:_identify(src/ur5_description/rviz) by extensions ['cmake', 'python']
[0.242s] Level 1:colcon.colcon_core.package_identification:_identify(src/ur5_description/rviz) by extension 'cmake'
[0.242s] Level 1:colcon.colcon_core.package_identification:_identify(src/ur5_description/rviz) by extension 'python'
[0.242s] Level 1:colcon.colcon_core.package_identification:_identify(src/ur5_description/rviz) by extensions ['python_setup_py']
[0.242s] Level 1:colcon.colcon_core.package_identification:_identify(src/ur5_description/rviz) by extension 'python_setup_py'
[0.243s] Level 1:colcon.colcon_core.package_identification:_identify(src/ur5_description/test) by extensions ['ignore', 'ignore_ament_install']
[0.243s] Level 1:colcon.colcon_core.package_identification:_identify(src/ur5_description/test) by extension 'ignore'
[0.243s] Level 1:colcon.colcon_core.package_identification:_identify(src/ur5_description/test) by extension 'ignore_ament_install'
[0.243s] Level 1:colcon.colcon_core.package_identification:_identify(src/ur5_description/test) by extensions ['colcon_pkg']
[0.243s] Level 1:colcon.colcon_core.package_identification:_identify(src/ur5_description/test) by extension 'colcon_pkg'
[0.243s] Level 1:colcon.colcon_core.package_identification:_identify(src/ur5_description/test) by extensions ['colcon_meta']
[0.243s] Level 1:colcon.colcon_core.package_identification:_identify(src/ur5_description/test) by extension 'colcon_meta'
[0.243s] Level 1:colcon.colcon_core.package_identification:_identify(src/ur5_description/test) by extensions ['ros']
[0.243s] Level 1:colcon.colcon_core.package_identification:_identify(src/ur5_description/test) by extension 'ros'
[0.243s] Level 1:colcon.colcon_core.package_identification:_identify(src/ur5_description/test) by extensions ['cmake', 'python']
[0.243s] Level 1:colcon.colcon_core.package_identification:_identify(src/ur5_description/test) by extension 'cmake'
[0.243s] Level 1:colcon.colcon_core.package_identification:_identify(src/ur5_description/test) by extension 'python'
[0.243s] Level 1:colcon.colcon_core.package_identification:_identify(src/ur5_description/test) by extensions ['python_setup_py']
[0.243s] Level 1:colcon.colcon_core.package_identification:_identify(src/ur5_description/test) by extension 'python_setup_py'
[0.243s] Level 1:colcon.colcon_core.package_discovery:discover_packages(recursive) using defaults
[0.243s] Level 1:colcon.colcon_core.package_discovery:discover_packages(ignore) discover
[0.243s] Level 1:colcon.colcon_core.package_discovery:discover_packages(ignore) using defaults
[0.243s] Level 1:colcon.colcon_core.package_discovery:discover_packages(path) discover
[0.243s] Level 1:colcon.colcon_core.package_discovery:discover_packages(path) using defaults
[0.265s] Level 1:colcon.colcon_core.package_discovery:discover_packages(prefix_path) check parameters
[0.265s] Level 1:colcon.colcon_core.package_discovery:discover_packages(prefix_path) discover
[0.266s] WARNING:colcon.colcon_ros.prefix_path.ament:The path '/home/vishal/UR5_robot/install/ur5_moveit' in the environment variable AMENT_PREFIX_PATH doesn't exist
[0.267s] WARNING:colcon.colcon_ros.prefix_path.catkin:The path '/home/vishal/UR5_robot/install/ur5_moveit' in the environment variable CMAKE_PREFIX_PATH doesn't exist
[0.268s] DEBUG:colcon.colcon_installed_package_information.package_discovery:Found 2 installed packages in /home/vishal/UR5_robot/install
[0.269s] DEBUG:colcon.colcon_installed_package_information.package_discovery:Found 55 installed packages in /home/vishal/ws_moveit/install
[0.270s] DEBUG:colcon.colcon_installed_package_information.package_discovery:Found 2 installed packages in /home/vishal/ROS2_UR5/install
[0.271s] DEBUG:colcon.colcon_installed_package_information.package_discovery:Found 334 installed packages in /opt/ros/humble
[0.273s] Level 1:colcon.colcon_core.package_discovery:discover_packages(prefix_path) using defaults
[0.307s] Level 5:colcon.colcon_core.verb:set package 'robotic_arms_control' build argument 'cmake_args' from command line to 'None'
[0.307s] Level 5:colcon.colcon_core.verb:set package 'robotic_arms_control' build argument 'cmake_target' from command line to 'None'
[0.308s] Level 5:colcon.colcon_core.verb:set package 'robotic_arms_control' build argument 'cmake_target_skip_unavailable' from command line to 'False'
[0.308s] Level 5:colcon.colcon_core.verb:set package 'robotic_arms_control' build argument 'cmake_clean_cache' from command line to 'False'
[0.308s] Level 5:colcon.colcon_core.verb:set package 'robotic_arms_control' build argument 'cmake_clean_first' from command line to 'False'
[0.308s] Level 5:colcon.colcon_core.verb:set package 'robotic_arms_control' build argument 'cmake_force_configure' from command line to 'False'
[0.308s] Level 5:colcon.colcon_core.verb:set package 'robotic_arms_control' build argument 'ament_cmake_args' from command line to 'None'
[0.308s] Level 5:colcon.colcon_core.verb:set package 'robotic_arms_control' build argument 'catkin_cmake_args' from command line to 'None'
[0.308s] Level 5:colcon.colcon_core.verb:set package 'robotic_arms_control' build argument 'catkin_skip_building_tests' from command line to 'False'
[0.308s] DEBUG:colcon.colcon_core.verb:Building package 'robotic_arms_control' with the following arguments: {'ament_cmake_args': None, 'build_base': '/home/vishal/UR5_robot/build/robotic_arms_control', 'catkin_cmake_args': None, 'catkin_skip_building_tests': False, 'cmake_args': None, 'cmake_clean_cache': False, 'cmake_clean_first': False, 'cmake_force_configure': False, 'cmake_target': None, 'cmake_target_skip_unavailable': False, 'install_base': '/home/vishal/UR5_robot/install/robotic_arms_control', 'merge_install': False, 'path': '/home/vishal/UR5_robot/src/robotic_arms_control', 'symlink_install': False, 'test_result_base': None}
[0.308s] INFO:colcon.colcon_core.executor:Executing jobs using 'parallel' executor
[0.309s] DEBUG:colcon.colcon_parallel_executor.executor.parallel:run_until_complete
[0.309s] INFO:colcon.colcon_ros.task.ament_python.build:Building ROS package in '/home/vishal/UR5_robot/src/robotic_arms_control' with build type 'ament_python'
[0.309s] Level 1:colcon.colcon_core.shell:create_environment_hook('robotic_arms_control', 'ament_prefix_path')
[0.310s] INFO:colcon.colcon_core.plugin_system:Skipping extension 'colcon_core.shell.bat': Not used on non-Windows systems
[0.311s] INFO:colcon.colcon_core.shell:Creating environment hook '/home/vishal/UR5_robot/install/robotic_arms_control/share/robotic_arms_control/hook/ament_prefix_path.ps1'
[0.311s] INFO:colcon.colcon_core.shell:Creating environment descriptor '/home/vishal/UR5_robot/install/robotic_arms_control/share/robotic_arms_control/hook/ament_prefix_path.dsv'
[0.311s] INFO:colcon.colcon_core.shell:Creating environment hook '/home/vishal/UR5_robot/install/robotic_arms_control/share/robotic_arms_control/hook/ament_prefix_path.sh'
[0.312s] INFO:colcon.colcon_core.shell:Skip shell extension 'powershell' for command environment: Not usable outside of PowerShell
[0.312s] DEBUG:colcon.colcon_core.shell:Skip shell extension 'dsv' for command environment
[0.523s] INFO:colcon.colcon_core.task.python.build:Building Python package in '/home/vishal/UR5_robot/src/robotic_arms_control'
[0.524s] INFO:colcon.colcon_core.shell:Skip shell extension 'powershell' for command environment: Not usable outside of PowerShell
[0.524s] DEBUG:colcon.colcon_core.shell:Skip shell extension 'dsv' for command environment
[0.805s] DEBUG:colcon.colcon_core.event_handler.log_command:Invoking command in '/home/vishal/UR5_robot/src/robotic_arms_control': PYTHONPATH=/home/vishal/UR5_robot/build/robotic_arms_control/prefix_override:/usr/lib/python3/dist-packages/colcon_core/task/python/colcon_distutils_commands:/home/vishal/UR5_robot/install/robotic_arms_control/lib/python3.10/site-packages:${PYTHONPATH} /usr/bin/python3 -W ignore:setup.py install is deprecated -W ignore:easy_install command is deprecated setup.py egg_info --egg-base ../../build/robotic_arms_control build --build-base /home/vishal/UR5_robot/build/robotic_arms_control/build install --record /home/vishal/UR5_robot/build/robotic_arms_control/install.log --single-version-externally-managed install_data
[1.036s] DEBUG:colcon.colcon_core.event_handler.log_command:Invoked command in '/home/vishal/UR5_robot/src/robotic_arms_control' returned '0': PYTHONPATH=/home/vishal/UR5_robot/build/robotic_arms_control/prefix_override:/usr/lib/python3/dist-packages/colcon_core/task/python/colcon_distutils_commands:/home/vishal/UR5_robot/install/robotic_arms_control/lib/python3.10/site-packages:${PYTHONPATH} /usr/bin/python3 -W ignore:setup.py install is deprecated -W ignore:easy_install command is deprecated setup.py egg_info --egg-base ../../build/robotic_arms_control build --build-base /home/vishal/UR5_robot/build/robotic_arms_control/build install --record /home/vishal/UR5_robot/build/robotic_arms_control/install.log --single-version-externally-managed install_data
[1.038s] Level 1:colcon.colcon_core.environment:checking '/home/vishal/UR5_robot/install/robotic_arms_control' for CMake module files
[1.038s] Level 1:colcon.colcon_core.environment:checking '/home/vishal/UR5_robot/install/robotic_arms_control' for CMake config files
[1.038s] Level 1:colcon.colcon_core.environment:checking '/home/vishal/UR5_robot/install/robotic_arms_control/lib'
[1.039s] Level 1:colcon.colcon_core.environment:checking '/home/vishal/UR5_robot/install/robotic_arms_control/bin'
[1.039s] Level 1:colcon.colcon_core.environment:checking '/home/vishal/UR5_robot/install/robotic_arms_control/lib/pkgconfig/robotic_arms_control.pc'
[1.039s] Level 1:colcon.colcon_core.environment:checking '/home/vishal/UR5_robot/install/robotic_arms_control/lib/python3.10/site-packages'
[1.039s] Level 1:colcon.colcon_core.shell:create_environment_hook('robotic_arms_control', 'pythonpath')
[1.039s] INFO:colcon.colcon_core.shell:Creating environment hook '/home/vishal/UR5_robot/install/robotic_arms_control/share/robotic_arms_control/hook/pythonpath.ps1'
[1.039s] INFO:colcon.colcon_core.shell:Creating environment descriptor '/home/vishal/UR5_robot/install/robotic_arms_control/share/robotic_arms_control/hook/pythonpath.dsv'
[1.040s] INFO:colcon.colcon_core.shell:Creating environment hook '/home/vishal/UR5_robot/install/robotic_arms_control/share/robotic_arms_control/hook/pythonpath.sh'
[1.040s] Level 1:colcon.colcon_core.environment:checking '/home/vishal/UR5_robot/install/robotic_arms_control/bin'
[1.040s] Level 1:colcon.colcon_core.environment:create_environment_scripts_only(robotic_arms_control)
[1.040s] INFO:colcon.colcon_core.shell:Creating package script '/home/vishal/UR5_robot/install/robotic_arms_control/share/robotic_arms_control/package.ps1'
[1.041s] INFO:colcon.colcon_core.shell:Creating package descriptor '/home/vishal/UR5_robot/install/robotic_arms_control/share/robotic_arms_control/package.dsv'
[1.041s] INFO:colcon.colcon_core.shell:Creating package script '/home/vishal/UR5_robot/install/robotic_arms_control/share/robotic_arms_control/package.sh'
[1.042s] INFO:colcon.colcon_core.shell:Creating package script '/home/vishal/UR5_robot/install/robotic_arms_control/share/robotic_arms_control/package.bash'
[1.042s] INFO:colcon.colcon_core.shell:Creating package script '/home/vishal/UR5_robot/install/robotic_arms_control/share/robotic_arms_control/package.zsh'
[1.043s] Level 1:colcon.colcon_core.environment:create_file_with_runtime_dependencies(/home/vishal/UR5_robot/install/robotic_arms_control/share/colcon-core/packages/robotic_arms_control)
[1.043s] DEBUG:colcon.colcon_parallel_executor.executor.parallel:closing loop
[1.043s] DEBUG:colcon.colcon_parallel_executor.executor.parallel:loop closed
[1.043s] DEBUG:colcon.colcon_parallel_executor.executor.parallel:run_until_complete finished with '0'
[1.043s] DEBUG:colcon.colcon_core.event_reactor:joining thread
[1.047s] INFO:colcon.colcon_core.plugin_system:Skipping extension 'colcon_notification.desktop_notification.terminal_notifier': Not used on non-Darwin systems
[1.048s] INFO:colcon.colcon_core.plugin_system:Skipping extension 'colcon_notification.desktop_notification.win32': Not used on non-Windows systems
[1.048s] INFO:colcon.colcon_notification.desktop_notification:Sending desktop notification using 'notify2'
[1.055s] DEBUG:colcon.colcon_core.event_reactor:joined thread
[1.056s] INFO:colcon.colcon_core.shell:Creating prefix script '/home/vishal/UR5_robot/install/local_setup.ps1'
[1.056s] INFO:colcon.colcon_core.shell:Creating prefix util module '/home/vishal/UR5_robot/install/_local_setup_util_ps1.py'
[1.057s] INFO:colcon.colcon_core.shell:Creating prefix chain script '/home/vishal/UR5_robot/install/setup.ps1'
[1.060s] INFO:colcon.colcon_core.shell:Creating prefix script '/home/vishal/UR5_robot/install/local_setup.sh'
[1.060s] INFO:colcon.colcon_core.shell:Creating prefix util module '/home/vishal/UR5_robot/install/_local_setup_util_sh.py'
[1.061s] INFO:colcon.colcon_core.shell:Creating prefix chain script '/home/vishal/UR5_robot/install/setup.sh'
[1.063s] INFO:colcon.colcon_core.shell:Creating prefix script '/home/vishal/UR5_robot/install/local_setup.bash'
[1.063s] INFO:colcon.colcon_core.shell:Creating prefix chain script '/home/vishal/UR5_robot/install/setup.bash'
[1.066s] INFO:colcon.colcon_core.shell:Creating prefix script '/home/vishal/UR5_robot/install/local_setup.zsh'
[1.066s] INFO:colcon.colcon_core.shell:Creating prefix chain script '/home/vishal/UR5_robot/install/setup.zsh'
