[0.522s] Invoking command in '/home/vishal/UR5_AMR_CL_1/src/robotic_arms_control': PYTHONPATH=/home/vishal/UR5_AMR_CL_1/build/robotic_arms_control/prefix_override:/usr/lib/python3/dist-packages/colcon_core/task/python/colcon_distutils_commands:/home/vishal/UR5_AMR_CL_1/install/robotic_arms_control/lib/python3.10/site-packages:${PYTHONPATH} /usr/bin/python3 -W ignore:setup.py install is deprecated -W ignore:easy_install command is deprecated setup.py egg_info --egg-base ../../build/robotic_arms_control build --build-base /home/vishal/UR5_AMR_CL_1/build/robotic_arms_control/build install --record /home/vishal/UR5_AMR_CL_1/build/robotic_arms_control/install.log --single-version-externally-managed install_data
[0.713s] running egg_info
[0.713s] writing ../../build/robotic_arms_control/robotic_arms_control.egg-info/PKG-INFO
[0.714s] writing dependency_links to ../../build/robotic_arms_control/robotic_arms_control.egg-info/dependency_links.txt
[0.714s] writing entry points to ../../build/robotic_arms_control/robotic_arms_control.egg-info/entry_points.txt
[0.714s] writing requirements to ../../build/robotic_arms_control/robotic_arms_control.egg-info/requires.txt
[0.714s] writing top-level names to ../../build/robotic_arms_control/robotic_arms_control.egg-info/top_level.txt
[0.715s] reading manifest file '../../build/robotic_arms_control/robotic_arms_control.egg-info/SOURCES.txt'
[0.716s] writing manifest file '../../build/robotic_arms_control/robotic_arms_control.egg-info/SOURCES.txt'
[0.716s] running build
[0.716s] running build_py
[0.716s] copying robotic_arms_control/jtc_multi_goals.py -> /home/vishal/UR5_AMR_CL_1/build/robotic_arms_control/build/lib/robotic_arms_control
[0.717s] running install
[0.717s] running install_lib
[0.717s] copying /home/vishal/UR5_AMR_CL_1/build/robotic_arms_control/build/lib/robotic_arms_control/jtc_multi_goals.py -> /home/vishal/UR5_AMR_CL_1/install/robotic_arms_control/lib/python3.10/site-packages/robotic_arms_control
[0.718s] byte-compiling /home/vishal/UR5_AMR_CL_1/install/robotic_arms_control/lib/python3.10/site-packages/robotic_arms_control/jtc_multi_goals.py to jtc_multi_goals.cpython-310.pyc
[0.719s] running install_data
[0.719s] copying robotic_arms_control/urdf/ur5.urdf -> /home/vishal/UR5_AMR_CL_1/install/robotic_arms_control/share/robotic_arms_control/urdf
[0.719s] copying robotic_arms_control/config/ur5_itc_controller.yaml -> /home/vishal/UR5_AMR_CL_1/install/robotic_arms_control/share/robotic_arms_control/config
[0.719s] running install_egg_info
[0.720s] removing '/home/vishal/UR5_AMR_CL_1/install/robotic_arms_control/lib/python3.10/site-packages/robotic_arms_control-0.0.0-py3.10.egg-info' (and everything under it)
[0.721s] Copying ../../build/robotic_arms_control/robotic_arms_control.egg-info to /home/vishal/UR5_AMR_CL_1/install/robotic_arms_control/lib/python3.10/site-packages/robotic_arms_control-0.0.0-py3.10.egg-info
[0.721s] running install_scripts
[0.737s] Installing joint_state_controller_test script to /home/vishal/UR5_AMR_CL_1/install/robotic_arms_control/lib/robotic_arms_control
[0.737s] Installing jtc_multi_goals script to /home/vishal/UR5_AMR_CL_1/install/robotic_arms_control/lib/robotic_arms_control
[0.737s] Installing kinematic_solver_IK script to /home/vishal/UR5_AMR_CL_1/install/robotic_arms_control/lib/robotic_arms_control
[0.737s] Installing transform_publisher script to /home/vishal/UR5_AMR_CL_1/install/robotic_arms_control/lib/robotic_arms_control
[0.737s] writing list of installed files to '/home/vishal/UR5_AMR_CL_1/build/robotic_arms_control/install.log'
[0.756s] Invoked command in '/home/vishal/UR5_AMR_CL_1/src/robotic_arms_control' returned '0': PYTHONPATH=/home/vishal/UR5_AMR_CL_1/build/robotic_arms_control/prefix_override:/usr/lib/python3/dist-packages/colcon_core/task/python/colcon_distutils_commands:/home/vishal/UR5_AMR_CL_1/install/robotic_arms_control/lib/python3.10/site-packages:${PYTHONPATH} /usr/bin/python3 -W ignore:setup.py install is deprecated -W ignore:easy_install command is deprecated setup.py egg_info --egg-base ../../build/robotic_arms_control build --build-base /home/vishal/UR5_AMR_CL_1/build/robotic_arms_control/build install --record /home/vishal/UR5_AMR_CL_1/build/robotic_arms_control/install.log --single-version-externally-managed install_data
