[0.511s] Invoking command in '/home/vishal/UR5_AMR_CL_1/src/robotic_arms_control': PYTHONPATH=/home/vishal/UR5_AMR_CL_1/build/robotic_arms_control/prefix_override:/usr/lib/python3/dist-packages/colcon_core/task/python/colcon_distutils_commands:/home/vishal/UR5_AMR_CL_1/install/robotic_arms_control/lib/python3.10/site-packages:${PYTHONPATH} /usr/bin/python3 -W ignore:setup.py install is deprecated -W ignore:easy_install command is deprecated setup.py egg_info --egg-base ../../build/robotic_arms_control build --build-base /home/vishal/UR5_AMR_CL_1/build/robotic_arms_control/build install --record /home/vishal/UR5_AMR_CL_1/build/robotic_arms_control/install.log --single-version-externally-managed install_data
[0.702s] running egg_info
[0.702s] writing ../../build/robotic_arms_control/robotic_arms_control.egg-info/PKG-INFO
[0.702s] writing dependency_links to ../../build/robotic_arms_control/robotic_arms_control.egg-info/dependency_links.txt
[0.702s] writing entry points to ../../build/robotic_arms_control/robotic_arms_control.egg-info/entry_points.txt
[0.703s] writing requirements to ../../build/robotic_arms_control/robotic_arms_control.egg-info/requires.txt
[0.703s] writing top-level names to ../../build/robotic_arms_control/robotic_arms_control.egg-info/top_level.txt
[0.704s] reading manifest file '../../build/robotic_arms_control/robotic_arms_control.egg-info/SOURCES.txt'
[0.705s] writing manifest file '../../build/robotic_arms_control/robotic_arms_control.egg-info/SOURCES.txt'
[0.705s] running build
[0.705s] running build_py
[0.705s] copying robotic_arms_control/jtc_multi_goals.py -> /home/vishal/UR5_AMR_CL_1/build/robotic_arms_control/build/lib/robotic_arms_control
[0.705s] copying robotic_arms_control/joint_state_controller_test.py -> /home/vishal/UR5_AMR_CL_1/build/robotic_arms_control/build/lib/robotic_arms_control
[0.705s] running install
[0.706s] running install_lib
[0.706s] copying /home/vishal/UR5_AMR_CL_1/build/robotic_arms_control/build/lib/robotic_arms_control/jtc_multi_goals.py -> /home/vishal/UR5_AMR_CL_1/install/robotic_arms_control/lib/python3.10/site-packages/robotic_arms_control
[0.706s] copying /home/vishal/UR5_AMR_CL_1/build/robotic_arms_control/build/lib/robotic_arms_control/joint_state_controller_test.py -> /home/vishal/UR5_AMR_CL_1/install/robotic_arms_control/lib/python3.10/site-packages/robotic_arms_control
[0.707s] byte-compiling /home/vishal/UR5_AMR_CL_1/install/robotic_arms_control/lib/python3.10/site-packages/robotic_arms_control/jtc_multi_goals.py to jtc_multi_goals.cpython-310.pyc
[0.707s] byte-compiling /home/vishal/UR5_AMR_CL_1/install/robotic_arms_control/lib/python3.10/site-packages/robotic_arms_control/joint_state_controller_test.py to joint_state_controller_test.cpython-310.pyc
[0.708s] running install_data
[0.708s] running install_egg_info
[0.709s] removing '/home/vishal/UR5_AMR_CL_1/install/robotic_arms_control/lib/python3.10/site-packages/robotic_arms_control-0.0.0-py3.10.egg-info' (and everything under it)
[0.710s] Copying ../../build/robotic_arms_control/robotic_arms_control.egg-info to /home/vishal/UR5_AMR_CL_1/install/robotic_arms_control/lib/python3.10/site-packages/robotic_arms_control-0.0.0-py3.10.egg-info
[0.710s] running install_scripts
[0.725s] Installing joint_state_controller_test script to /home/vishal/UR5_AMR_CL_1/install/robotic_arms_control/lib/robotic_arms_control
[0.725s] Installing jtc_multi_goals script to /home/vishal/UR5_AMR_CL_1/install/robotic_arms_control/lib/robotic_arms_control
[0.725s] Installing kinematic_solver_IK script to /home/vishal/UR5_AMR_CL_1/install/robotic_arms_control/lib/robotic_arms_control
[0.726s] Installing transform_publisher script to /home/vishal/UR5_AMR_CL_1/install/robotic_arms_control/lib/robotic_arms_control
[0.726s] writing list of installed files to '/home/vishal/UR5_AMR_CL_1/build/robotic_arms_control/install.log'
[0.746s] Invoked command in '/home/vishal/UR5_AMR_CL_1/src/robotic_arms_control' returned '0': PYTHONPATH=/home/vishal/UR5_AMR_CL_1/build/robotic_arms_control/prefix_override:/usr/lib/python3/dist-packages/colcon_core/task/python/colcon_distutils_commands:/home/vishal/UR5_AMR_CL_1/install/robotic_arms_control/lib/python3.10/site-packages:${PYTHONPATH} /usr/bin/python3 -W ignore:setup.py install is deprecated -W ignore:easy_install command is deprecated setup.py egg_info --egg-base ../../build/robotic_arms_control build --build-base /home/vishal/UR5_AMR_CL_1/build/robotic_arms_control/build install --record /home/vishal/UR5_AMR_CL_1/build/robotic_arms_control/install.log --single-version-externally-managed install_data
