[0.218s] Invoking command in '/home/vishal/UR5_robot/build/ur5_description': CMAKE_PREFIX_PATH=${CMAKE_PREFIX_PATH}:/home/vishal/UR5_robot/install/robotic_arms_control:/home/vishal/ws_moveit/install/moveit_configs_utils:/home/vishal/ws_moveit/install/launch_param_builder:/opt/ros/humble /home/vishal/.local/bin/cmake --build /home/vishal/UR5_robot/build/ur5_description -- -j16 -l16
[0.298s] Invoked command in '/home/vishal/UR5_robot/build/ur5_description' returned '0': CMAKE_PREFIX_PATH=${CMAKE_PREFIX_PATH}:/home/vishal/UR5_robot/install/robotic_arms_control:/home/vishal/ws_moveit/install/moveit_configs_utils:/home/vishal/ws_moveit/install/launch_param_builder:/opt/ros/humble /home/vishal/.local/bin/cmake --build /home/vishal/UR5_robot/build/ur5_description -- -j16 -l16
[0.361s] Invoking command in '/home/vishal/UR5_robot/build/ur5_description': CMAKE_PREFIX_PATH=${CMAKE_PREFIX_PATH}:/home/vishal/UR5_robot/install/robotic_arms_control:/home/vishal/ws_moveit/install/moveit_configs_utils:/home/vishal/ws_moveit/install/launch_param_builder:/opt/ros/humble /home/vishal/.local/bin/cmake --install /home/vishal/UR5_robot/build/ur5_description
[0.425s] -- Install configuration: ""
[0.425s] -- Up-to-date: /home/vishal/UR5_robot/install/ur5_description/share/ur5_description//launch
[0.425s] -- Up-to-date: /home/vishal/UR5_robot/install/ur5_description/share/ur5_description//launch/visualize_ur5.launch.py
[0.425s] -- Up-to-date: /home/vishal/UR5_robot/install/ur5_description/share/ur5_description//robots
[0.425s] -- Up-to-date: /home/vishal/UR5_robot/install/ur5_description/share/ur5_description//robots/materials.urdf.xacro
[0.425s] -- Up-to-date: /home/vishal/UR5_robot/install/ur5_description/share/ur5_description//robots/ur5.urdf
[0.425s] -- Up-to-date: /home/vishal/UR5_robot/install/ur5_description/share/ur5_description//robots/ur5.urdf.xacro
[0.425s] -- Up-to-date: /home/vishal/UR5_robot/install/ur5_description/share/ur5_description//robots/ur5jointlimitedrobot.urdf
[0.425s] -- Up-to-date: /home/vishal/UR5_robot/install/ur5_description/share/ur5_description//robots/ur5.transmission.xacro
[0.425s] -- Up-to-date: /home/vishal/UR5_robot/install/ur5_description/share/ur5_description//robots/ur5.gazebo.xacro
[0.425s] -- Up-to-date: /home/vishal/UR5_robot/install/ur5_description/share/ur5_description//robots/gazebo.urdf.xacro
[0.425s] -- Up-to-date: /home/vishal/UR5_robot/install/ur5_description/share/ur5_description//meshes
[0.426s] -- Up-to-date: /home/vishal/UR5_robot/install/ur5_description/share/ur5_description//meshes/ur5
[0.426s] -- Up-to-date: /home/vishal/UR5_robot/install/ur5_description/share/ur5_description//meshes/ur5/visual
[0.426s] -- Up-to-date: /home/vishal/UR5_robot/install/ur5_description/share/ur5_description//meshes/ur5/visual/basin.STL
[0.426s] -- Up-to-date: /home/vishal/UR5_robot/install/ur5_description/share/ur5_description//meshes/ur5/visual/Base.dae
[0.426s] -- Up-to-date: /home/vishal/UR5_robot/install/ur5_description/share/ur5_description//meshes/ur5/visual/Wrist2.dae
[0.426s] -- Up-to-date: /home/vishal/UR5_robot/install/ur5_description/share/ur5_description//meshes/ur5/visual/Wrist3.dae
[0.426s] -- Up-to-date: /home/vishal/UR5_robot/install/ur5_description/share/ur5_description//meshes/ur5/visual/Wrist1.dae
[0.426s] -- Up-to-date: /home/vishal/UR5_robot/install/ur5_description/share/ur5_description//meshes/ur5/visual/Forearm.dae
[0.426s] -- Up-to-date: /home/vishal/UR5_robot/install/ur5_description/share/ur5_description//meshes/ur5/visual/UpperArm.dae
[0.426s] -- Up-to-date: /home/vishal/UR5_robot/install/ur5_description/share/ur5_description//meshes/ur5/visual/Shoulder.dae
[0.426s] -- Up-to-date: /home/vishal/UR5_robot/install/ur5_description/share/ur5_description//meshes/ur5/visual/basin.dae
[0.426s] -- Up-to-date: /home/vishal/UR5_robot/install/ur5_description/share/ur5_description//meshes/ur5/collision
[0.426s] -- Up-to-date: /home/vishal/UR5_robot/install/ur5_description/share/ur5_description//meshes/ur5/collision/basin.STL
[0.427s] -- Up-to-date: /home/vishal/UR5_robot/install/ur5_description/share/ur5_description//meshes/ur5/collision/Base.dae
[0.427s] -- Up-to-date: /home/vishal/UR5_robot/install/ur5_description/share/ur5_description//meshes/ur5/collision/Wrist2.dae
[0.427s] -- Up-to-date: /home/vishal/UR5_robot/install/ur5_description/share/ur5_description//meshes/ur5/collision/Wrist3.dae
[0.427s] -- Up-to-date: /home/vishal/UR5_robot/install/ur5_description/share/ur5_description//meshes/ur5/collision/Wrist1.dae
[0.427s] -- Up-to-date: /home/vishal/UR5_robot/install/ur5_description/share/ur5_description//meshes/ur5/collision/Forearm.dae
[0.427s] -- Up-to-date: /home/vishal/UR5_robot/install/ur5_description/share/ur5_description//meshes/ur5/collision/UpperArm.dae
[0.427s] -- Up-to-date: /home/vishal/UR5_robot/install/ur5_description/share/ur5_description//meshes/ur5/collision/Shoulder.dae
[0.427s] -- Up-to-date: /home/vishal/UR5_robot/install/ur5_description/share/ur5_description//rviz
[0.428s] -- Up-to-date: /home/vishal/UR5_robot/install/ur5_description/share/ament_index/resource_index/package_run_dependencies/ur5_description
[0.428s] -- Up-to-date: /home/vishal/UR5_robot/install/ur5_description/share/ament_index/resource_index/parent_prefix_path/ur5_description
[0.428s] -- Up-to-date: /home/vishal/UR5_robot/install/ur5_description/share/ur5_description/environment/ament_prefix_path.sh
[0.428s] -- Up-to-date: /home/vishal/UR5_robot/install/ur5_description/share/ur5_description/environment/ament_prefix_path.dsv
[0.428s] -- Up-to-date: /home/vishal/UR5_robot/install/ur5_description/share/ur5_description/environment/path.sh
[0.428s] -- Up-to-date: /home/vishal/UR5_robot/install/ur5_description/share/ur5_description/environment/path.dsv
[0.428s] -- Up-to-date: /home/vishal/UR5_robot/install/ur5_description/share/ur5_description/local_setup.bash
[0.428s] -- Up-to-date: /home/vishal/UR5_robot/install/ur5_description/share/ur5_description/local_setup.sh
[0.428s] -- Up-to-date: /home/vishal/UR5_robot/install/ur5_description/share/ur5_description/local_setup.zsh
[0.429s] -- Up-to-date: /home/vishal/UR5_robot/install/ur5_description/share/ur5_description/local_setup.dsv
[0.429s] -- Installing: /home/vishal/UR5_robot/install/ur5_description/share/ur5_description/package.dsv
[0.429s] -- Up-to-date: /home/vishal/UR5_robot/install/ur5_description/share/ament_index/resource_index/packages/ur5_description
[0.429s] -- Up-to-date: /home/vishal/UR5_robot/install/ur5_description/share/ur5_description/cmake/ur5_descriptionConfig.cmake
[0.429s] -- Up-to-date: /home/vishal/UR5_robot/install/ur5_description/share/ur5_description/cmake/ur5_descriptionConfig-version.cmake
[0.429s] -- Up-to-date: /home/vishal/UR5_robot/install/ur5_description/share/ur5_description/package.xml
[0.429s] Invoked command in '/home/vishal/UR5_robot/build/ur5_description' returned '0': CMAKE_PREFIX_PATH=${CMAKE_PREFIX_PATH}:/home/vishal/UR5_robot/install/robotic_arms_control:/home/vishal/ws_moveit/install/moveit_configs_utils:/home/vishal/ws_moveit/install/launch_param_builder:/opt/ros/humble /home/vishal/.local/bin/cmake --install /home/vishal/UR5_robot/build/ur5_description
