running egg_info
creating ../../build/robotic_arms_control/robotic_arms_control.egg-info
writing ../../build/robotic_arms_control/robotic_arms_control.egg-info/PKG-INFO
writing dependency_links to ../../build/robotic_arms_control/robotic_arms_control.egg-info/dependency_links.txt
writing entry points to ../../build/robotic_arms_control/robotic_arms_control.egg-info/entry_points.txt
writing requirements to ../../build/robotic_arms_control/robotic_arms_control.egg-info/requires.txt
writing top-level names to ../../build/robotic_arms_control/robotic_arms_control.egg-info/top_level.txt
writing manifest file '../../build/robotic_arms_control/robotic_arms_control.egg-info/SOURCES.txt'
reading manifest file '../../build/robotic_arms_control/robotic_arms_control.egg-info/SOURCES.txt'
writing manifest file '../../build/robotic_arms_control/robotic_arms_control.egg-info/SOURCES.txt'
running build
running build_py
creating /home/vishal/UR5_robot/build/robotic_arms_control/build
creating /home/vishal/UR5_robot/build/robotic_arms_control/build/lib
creating /home/vishal/UR5_robot/build/robotic_arms_control/build/lib/robotic_arms_control
copying robotic_arms_control/jtc_multi_goals.py -> /home/vishal/UR5_robot/build/robotic_arms_control/build/lib/robotic_arms_control
copying robotic_arms_control/transform_publisher.py -> /home/vishal/UR5_robot/build/robotic_arms_control/build/lib/robotic_arms_control
copying robotic_arms_control/joint_state_controller_test.py -> /home/vishal/UR5_robot/build/robotic_arms_control/build/lib/robotic_arms_control
copying robotic_arms_control/__init__.py -> /home/vishal/UR5_robot/build/robotic_arms_control/build/lib/robotic_arms_control
copying robotic_arms_control/joint_state_controller.py -> /home/vishal/UR5_robot/build/robotic_arms_control/build/lib/robotic_arms_control
copying robotic_arms_control/Kinematic_solver.py -> /home/vishal/UR5_robot/build/robotic_arms_control/build/lib/robotic_arms_control
copying robotic_arms_control/Kinematic_solver_IK.py -> /home/vishal/UR5_robot/build/robotic_arms_control/build/lib/robotic_arms_control
running install
running install_lib
creating /home/vishal/UR5_robot/install/robotic_arms_control/lib/python3.10/site-packages/robotic_arms_control
copying /home/vishal/UR5_robot/build/robotic_arms_control/build/lib/robotic_arms_control/jtc_multi_goals.py -> /home/vishal/UR5_robot/install/robotic_arms_control/lib/python3.10/site-packages/robotic_arms_control
copying /home/vishal/UR5_robot/build/robotic_arms_control/build/lib/robotic_arms_control/transform_publisher.py -> /home/vishal/UR5_robot/install/robotic_arms_control/lib/python3.10/site-packages/robotic_arms_control
copying /home/vishal/UR5_robot/build/robotic_arms_control/build/lib/robotic_arms_control/joint_state_controller_test.py -> /home/vishal/UR5_robot/install/robotic_arms_control/lib/python3.10/site-packages/robotic_arms_control
copying /home/vishal/UR5_robot/build/robotic_arms_control/build/lib/robotic_arms_control/__init__.py -> /home/vishal/UR5_robot/install/robotic_arms_control/lib/python3.10/site-packages/robotic_arms_control
copying /home/vishal/UR5_robot/build/robotic_arms_control/build/lib/robotic_arms_control/joint_state_controller.py -> /home/vishal/UR5_robot/install/robotic_arms_control/lib/python3.10/site-packages/robotic_arms_control
copying /home/vishal/UR5_robot/build/robotic_arms_control/build/lib/robotic_arms_control/Kinematic_solver.py -> /home/vishal/UR5_robot/install/robotic_arms_control/lib/python3.10/site-packages/robotic_arms_control
copying /home/vishal/UR5_robot/build/robotic_arms_control/build/lib/robotic_arms_control/Kinematic_solver_IK.py -> /home/vishal/UR5_robot/install/robotic_arms_control/lib/python3.10/site-packages/robotic_arms_control
byte-compiling /home/vishal/UR5_robot/install/robotic_arms_control/lib/python3.10/site-packages/robotic_arms_control/jtc_multi_goals.py to jtc_multi_goals.cpython-310.pyc
byte-compiling /home/vishal/UR5_robot/install/robotic_arms_control/lib/python3.10/site-packages/robotic_arms_control/transform_publisher.py to transform_publisher.cpython-310.pyc
byte-compiling /home/vishal/UR5_robot/install/robotic_arms_control/lib/python3.10/site-packages/robotic_arms_control/joint_state_controller_test.py to joint_state_controller_test.cpython-310.pyc
byte-compiling /home/vishal/UR5_robot/install/robotic_arms_control/lib/python3.10/site-packages/robotic_arms_control/__init__.py to __init__.cpython-310.pyc
byte-compiling /home/vishal/UR5_robot/install/robotic_arms_control/lib/python3.10/site-packages/robotic_arms_control/joint_state_controller.py to joint_state_controller.cpython-310.pyc
byte-compiling /home/vishal/UR5_robot/install/robotic_arms_control/lib/python3.10/site-packages/robotic_arms_control/Kinematic_solver.py to Kinematic_solver.cpython-310.pyc
byte-compiling /home/vishal/UR5_robot/install/robotic_arms_control/lib/python3.10/site-packages/robotic_arms_control/Kinematic_solver_IK.py to Kinematic_solver_IK.cpython-310.pyc
running install_data
creating /home/vishal/UR5_robot/install/robotic_arms_control/share/ament_index
creating /home/vishal/UR5_robot/install/robotic_arms_control/share/ament_index/resource_index
creating /home/vishal/UR5_robot/install/robotic_arms_control/share/ament_index/resource_index/packages
copying resource/robotic_arms_control -> /home/vishal/UR5_robot/install/robotic_arms_control/share/ament_index/resource_index/packages
copying package.xml -> /home/vishal/UR5_robot/install/robotic_arms_control/share/robotic_arms_control
creating /home/vishal/UR5_robot/install/robotic_arms_control/share/robotic_arms_control/launch
copying robotic_arms_control/launch/gazebo_bringup_1.launch.py -> /home/vishal/UR5_robot/install/robotic_arms_control/share/robotic_arms_control/launch
copying robotic_arms_control/launch/controller_spawner_1.launch.py -> /home/vishal/UR5_robot/install/robotic_arms_control/share/robotic_arms_control/launch
copying robotic_arms_control/launch/gazebo_bringup_ur5.launch.py -> /home/vishal/UR5_robot/install/robotic_arms_control/share/robotic_arms_control/launch
copying robotic_arms_control/launch/rviz_bringup.launch.py -> /home/vishal/UR5_robot/install/robotic_arms_control/share/robotic_arms_control/launch
copying robotic_arms_control/launch/controller_spawner_ur5.launch.py -> /home/vishal/UR5_robot/install/robotic_arms_control/share/robotic_arms_control/launch
creating /home/vishal/UR5_robot/install/robotic_arms_control/share/robotic_arms_control/urdf
copying robotic_arms_control/urdf/ur5.urdf -> /home/vishal/UR5_robot/install/robotic_arms_control/share/robotic_arms_control/urdf
copying robotic_arms_control/urdf/ur51.urdf -> /home/vishal/UR5_robot/install/robotic_arms_control/share/robotic_arms_control/urdf
copying robotic_arms_control/urdf/ur5jointlimitedrobot.urdf -> /home/vishal/UR5_robot/install/robotic_arms_control/share/robotic_arms_control/urdf
copying robotic_arms_control/urdf/ur5robot.urdf -> /home/vishal/UR5_robot/install/robotic_arms_control/share/robotic_arms_control/urdf
creating /home/vishal/UR5_robot/install/robotic_arms_control/share/robotic_arms_control/config
copying robotic_arms_control/config/ur5_itc_controller.yaml -> /home/vishal/UR5_robot/install/robotic_arms_control/share/robotic_arms_control/config
copying robotic_arms_control/config/ur5_pos_controller.yaml -> /home/vishal/UR5_robot/install/robotic_arms_control/share/robotic_arms_control/config
running install_egg_info
Copying ../../build/robotic_arms_control/robotic_arms_control.egg-info to /home/vishal/UR5_robot/install/robotic_arms_control/lib/python3.10/site-packages/robotic_arms_control-0.0.0-py3.10.egg-info
running install_scripts
Installing joint_state_controller_test script to /home/vishal/UR5_robot/install/robotic_arms_control/lib/robotic_arms_control
Installing jtc_multi_goals script to /home/vishal/UR5_robot/install/robotic_arms_control/lib/robotic_arms_control
Installing kinematic_solver_IK script to /home/vishal/UR5_robot/install/robotic_arms_control/lib/robotic_arms_control
Installing transform_publisher script to /home/vishal/UR5_robot/install/robotic_arms_control/lib/robotic_arms_control
writing list of installed files to '/home/vishal/UR5_robot/build/robotic_arms_control/install.log'
