[16.336s] DEBUG:colcon:Command line arguments: ['/usr/bin/colcon', 'build']
[16.336s] DEBUG:colcon:Parsed command line arguments: Namespace(log_base=None, log_level=None, verb_name='build', build_base='build', install_base='install', merge_install=False, symlink_install=False, test_result_base=None, continue_on_error=False, executor='parallel', parallel_workers=16, event_handlers=None, ignore_user_meta=False, metas=['./colcon.meta'], base_paths=['.'], packages_ignore=None, packages_ignore_regex=None, paths=None, packages_up_to=None, packages_up_to_regex=None, packages_above=None, packages_above_and_dependencies=None, packages_above_depth=None, packages_select_by_dep=None, packages_skip_by_dep=None, packages_skip_up_to=None, packages_select_build_failed=False, packages_skip_build_finished=False, packages_select_test_failures=False, packages_skip_test_passed=False, packages_select=None, packages_skip=None, packages_select_regex=None, packages_skip_regex=None, packages_start=None, packages_end=None, allow_overriding=[], cmake_args=None, cmake_target=None, cmake_target_skip_unavailable=False, cmake_clean_cache=False, cmake_clean_first=False, cmake_force_configure=False, ament_cmake_args=None, catkin_cmake_args=None, catkin_skip_building_tests=False, mixin_files=None, mixin=None, verb_parser=<colcon_mixin.mixin.mixin_argument.MixinArgumentDecorator object at 0x7b9a3ab40310>, verb_extension=<colcon_core.verb.build.BuildVerb object at 0x7b9a3ab17ac0>, main=<bound method BuildVerb.main of <colcon_core.verb.build.BuildVerb object at 0x7b9a3ab17ac0>>, mixin_verb=('build',))
[27.659s] Level 1:colcon.colcon_core.package_discovery:discover_packages(colcon_meta) check parameters
[27.660s] Level 1:colcon.colcon_core.package_discovery:discover_packages(recursive) check parameters
[27.660s] Level 1:colcon.colcon_core.package_discovery:discover_packages(ignore) check parameters
[27.660s] Level 1:colcon.colcon_core.package_discovery:discover_packages(path) check parameters
[27.660s] Level 1:colcon.colcon_core.package_discovery:discover_packages(colcon_meta) discover
[27.660s] Level 1:colcon.colcon_core.package_discovery:discover_packages(recursive) discover
[27.660s] INFO:colcon.colcon_core.package_discovery:Crawling recursively for packages in '/home/vishal/UR5_robot'
[27.660s] Level 1:colcon.colcon_core.package_identification:_identify(.) by extensions ['ignore', 'ignore_ament_install']
[27.660s] Level 1:colcon.colcon_core.package_identification:_identify(.) by extension 'ignore'
[27.660s] Level 1:colcon.colcon_core.package_identification:_identify(.) by extension 'ignore_ament_install'
[27.660s] Level 1:colcon.colcon_core.package_identification:_identify(.) by extensions ['colcon_pkg']
[27.660s] Level 1:colcon.colcon_core.package_identification:_identify(.) by extension 'colcon_pkg'
[27.660s] Level 1:colcon.colcon_core.package_identification:_identify(.) by extensions ['colcon_meta']
[27.660s] Level 1:colcon.colcon_core.package_identification:_identify(.) by extension 'colcon_meta'
[27.660s] Level 1:colcon.colcon_core.package_identification:_identify(.) by extensions ['ros']
[27.660s] Level 1:colcon.colcon_core.package_identification:_identify(.) by extension 'ros'
[27.759s] Level 1:colcon.colcon_core.package_identification:_identify(.) by extensions ['cmake', 'python']
[27.759s] Level 1:colcon.colcon_core.package_identification:_identify(.) by extension 'cmake'
[27.759s] Level 1:colcon.colcon_core.package_identification:_identify(.) by extension 'python'
[27.759s] Level 1:colcon.colcon_core.package_identification:_identify(.) by extensions ['python_setup_py']
[27.759s] Level 1:colcon.colcon_core.package_identification:_identify(.) by extension 'python_setup_py'
[27.759s] Level 1:colcon.colcon_core.package_identification:_identify(build) by extensions ['ignore', 'ignore_ament_install']
[27.760s] Level 1:colcon.colcon_core.package_identification:_identify(build) by extension 'ignore'
[27.760s] Level 1:colcon.colcon_core.package_identification:_identify(build) ignored
[27.760s] Level 1:colcon.colcon_core.package_identification:_identify(install) by extensions ['ignore', 'ignore_ament_install']
[27.760s] Level 1:colcon.colcon_core.package_identification:_identify(install) by extension 'ignore'
[27.760s] Level 1:colcon.colcon_core.package_identification:_identify(install) ignored
[27.760s] Level 1:colcon.colcon_core.package_identification:_identify(log) by extensions ['ignore', 'ignore_ament_install']
[27.760s] Level 1:colcon.colcon_core.package_identification:_identify(log) by extension 'ignore'
[27.760s] Level 1:colcon.colcon_core.package_identification:_identify(log) ignored
[27.804s] Level 1:colcon.colcon_core.package_identification:_identify(src) by extensions ['ignore', 'ignore_ament_install']
[27.804s] Level 1:colcon.colcon_core.package_identification:_identify(src) by extension 'ignore'
[27.804s] Level 1:colcon.colcon_core.package_identification:_identify(src) by extension 'ignore_ament_install'
[27.804s] Level 1:colcon.colcon_core.package_identification:_identify(src) by extensions ['colcon_pkg']
[27.805s] Level 1:colcon.colcon_core.package_identification:_identify(src) by extension 'colcon_pkg'
[27.805s] Level 1:colcon.colcon_core.package_identification:_identify(src) by extensions ['colcon_meta']
[27.805s] Level 1:colcon.colcon_core.package_identification:_identify(src) by extension 'colcon_meta'
[27.805s] Level 1:colcon.colcon_core.package_identification:_identify(src) by extensions ['ros']
[27.805s] Level 1:colcon.colcon_core.package_identification:_identify(src) by extension 'ros'
[27.805s] Level 1:colcon.colcon_core.package_identification:_identify(src) by extensions ['cmake', 'python']
[27.805s] Level 1:colcon.colcon_core.package_identification:_identify(src) by extension 'cmake'
[27.805s] Level 1:colcon.colcon_core.package_identification:_identify(src) by extension 'python'
[27.805s] Level 1:colcon.colcon_core.package_identification:_identify(src) by extensions ['python_setup_py']
[27.805s] Level 1:colcon.colcon_core.package_identification:_identify(src) by extension 'python_setup_py'
[27.827s] Level 1:colcon.colcon_core.package_identification:_identify(src/robotic_arms_control) by extensions ['ignore', 'ignore_ament_install']
[27.828s] Level 1:colcon.colcon_core.package_identification:_identify(src/robotic_arms_control) by extension 'ignore'
[27.828s] Level 1:colcon.colcon_core.package_identification:_identify(src/robotic_arms_control) by extension 'ignore_ament_install'
[27.828s] Level 1:colcon.colcon_core.package_identification:_identify(src/robotic_arms_control) by extensions ['colcon_pkg']
[27.828s] Level 1:colcon.colcon_core.package_identification:_identify(src/robotic_arms_control) by extension 'colcon_pkg'
[27.828s] Level 1:colcon.colcon_core.package_identification:_identify(src/robotic_arms_control) by extensions ['colcon_meta']
[27.828s] Level 1:colcon.colcon_core.package_identification:_identify(src/robotic_arms_control) by extension 'colcon_meta'
[27.828s] Level 1:colcon.colcon_core.package_identification:_identify(src/robotic_arms_control) by extensions ['ros']
[27.828s] Level 1:colcon.colcon_core.package_identification:_identify(src/robotic_arms_control) by extension 'ros'
[27.971s] DEBUG:colcon.colcon_core.package_identification:Package 'src/robotic_arms_control' with type 'ros.ament_python' and name 'robotic_arms_control'
[28.024s] Level 1:colcon.colcon_core.package_identification:_identify(src/ur5_description) by extensions ['ignore', 'ignore_ament_install']
[28.025s] Level 1:colcon.colcon_core.package_identification:_identify(src/ur5_description) by extension 'ignore'
[28.025s] Level 1:colcon.colcon_core.package_identification:_identify(src/ur5_description) by extension 'ignore_ament_install'
[28.025s] Level 1:colcon.colcon_core.package_identification:_identify(src/ur5_description) by extensions ['colcon_pkg']
[28.025s] Level 1:colcon.colcon_core.package_identification:_identify(src/ur5_description) by extension 'colcon_pkg'
[28.025s] Level 1:colcon.colcon_core.package_identification:_identify(src/ur5_description) by extensions ['colcon_meta']
[28.025s] Level 1:colcon.colcon_core.package_identification:_identify(src/ur5_description) by extension 'colcon_meta'
[28.025s] Level 1:colcon.colcon_core.package_identification:_identify(src/ur5_description) by extensions ['ros']
[28.025s] Level 1:colcon.colcon_core.package_identification:_identify(src/ur5_description) by extension 'ros'
[28.193s] DEBUG:colcon.colcon_core.package_identification:Package 'src/ur5_description' with type 'ros.ament_cmake' and name 'ur5_description'
[28.194s] Level 1:colcon.colcon_core.package_discovery:discover_packages(recursive) using defaults
[28.194s] Level 1:colcon.colcon_core.package_discovery:discover_packages(ignore) discover
[28.194s] Level 1:colcon.colcon_core.package_discovery:discover_packages(ignore) using defaults
[28.194s] Level 1:colcon.colcon_core.package_discovery:discover_packages(path) discover
[28.194s] Level 1:colcon.colcon_core.package_discovery:discover_packages(path) using defaults
[28.920s] Level 1:colcon.colcon_core.package_discovery:discover_packages(prefix_path) check parameters
[28.920s] Level 1:colcon.colcon_core.package_discovery:discover_packages(prefix_path) discover
[28.962s] DEBUG:colcon.colcon_installed_package_information.package_discovery:Found 55 installed packages in /home/vishal/ws_moveit/install
[28.964s] DEBUG:colcon.colcon_installed_package_information.package_discovery:Found 334 installed packages in /opt/ros/humble
[28.967s] Level 1:colcon.colcon_core.package_discovery:discover_packages(prefix_path) using defaults
[33.267s] Level 5:colcon.colcon_core.verb:set package 'robotic_arms_control' build argument 'cmake_args' from command line to 'None'
[33.267s] Level 5:colcon.colcon_core.verb:set package 'robotic_arms_control' build argument 'cmake_target' from command line to 'None'
[33.267s] Level 5:colcon.colcon_core.verb:set package 'robotic_arms_control' build argument 'cmake_target_skip_unavailable' from command line to 'False'
[33.267s] Level 5:colcon.colcon_core.verb:set package 'robotic_arms_control' build argument 'cmake_clean_cache' from command line to 'False'
[33.267s] Level 5:colcon.colcon_core.verb:set package 'robotic_arms_control' build argument 'cmake_clean_first' from command line to 'False'
[33.267s] Level 5:colcon.colcon_core.verb:set package 'robotic_arms_control' build argument 'cmake_force_configure' from command line to 'False'
[33.267s] Level 5:colcon.colcon_core.verb:set package 'robotic_arms_control' build argument 'ament_cmake_args' from command line to 'None'
[33.267s] Level 5:colcon.colcon_core.verb:set package 'robotic_arms_control' build argument 'catkin_cmake_args' from command line to 'None'
[33.267s] Level 5:colcon.colcon_core.verb:set package 'robotic_arms_control' build argument 'catkin_skip_building_tests' from command line to 'False'
[33.267s] DEBUG:colcon.colcon_core.verb:Building package 'robotic_arms_control' with the following arguments: {'ament_cmake_args': None, 'build_base': '/home/vishal/UR5_robot/build/robotic_arms_control', 'catkin_cmake_args': None, 'catkin_skip_building_tests': False, 'cmake_args': None, 'cmake_clean_cache': False, 'cmake_clean_first': False, 'cmake_force_configure': False, 'cmake_target': None, 'cmake_target_skip_unavailable': False, 'install_base': '/home/vishal/UR5_robot/install/robotic_arms_control', 'merge_install': False, 'path': '/home/vishal/UR5_robot/src/robotic_arms_control', 'symlink_install': False, 'test_result_base': None}
[33.267s] Level 5:colcon.colcon_core.verb:set package 'ur5_description' build argument 'cmake_args' from command line to 'None'
[33.268s] Level 5:colcon.colcon_core.verb:set package 'ur5_description' build argument 'cmake_target' from command line to 'None'
[33.268s] Level 5:colcon.colcon_core.verb:set package 'ur5_description' build argument 'cmake_target_skip_unavailable' from command line to 'False'
[33.268s] Level 5:colcon.colcon_core.verb:set package 'ur5_description' build argument 'cmake_clean_cache' from command line to 'False'
[33.268s] Level 5:colcon.colcon_core.verb:set package 'ur5_description' build argument 'cmake_clean_first' from command line to 'False'
[33.268s] Level 5:colcon.colcon_core.verb:set package 'ur5_description' build argument 'cmake_force_configure' from command line to 'False'
[33.268s] Level 5:colcon.colcon_core.verb:set package 'ur5_description' build argument 'ament_cmake_args' from command line to 'None'
[33.268s] Level 5:colcon.colcon_core.verb:set package 'ur5_description' build argument 'catkin_cmake_args' from command line to 'None'
[33.268s] Level 5:colcon.colcon_core.verb:set package 'ur5_description' build argument 'catkin_skip_building_tests' from command line to 'False'
[33.268s] DEBUG:colcon.colcon_core.verb:Building package 'ur5_description' with the following arguments: {'ament_cmake_args': None, 'build_base': '/home/vishal/UR5_robot/build/ur5_description', 'catkin_cmake_args': None, 'catkin_skip_building_tests': False, 'cmake_args': None, 'cmake_clean_cache': False, 'cmake_clean_first': False, 'cmake_force_configure': False, 'cmake_target': None, 'cmake_target_skip_unavailable': False, 'install_base': '/home/vishal/UR5_robot/install/ur5_description', 'merge_install': False, 'path': '/home/vishal/UR5_robot/src/ur5_description', 'symlink_install': False, 'test_result_base': None}
[33.268s] INFO:colcon.colcon_core.executor:Executing jobs using 'parallel' executor
[33.269s] DEBUG:colcon.colcon_parallel_executor.executor.parallel:run_until_complete
[33.269s] INFO:colcon.colcon_ros.task.ament_python.build:Building ROS package in '/home/vishal/UR5_robot/src/robotic_arms_control' with build type 'ament_python'
[33.269s] Level 1:colcon.colcon_core.shell:create_environment_hook('robotic_arms_control', 'ament_prefix_path')
[33.543s] INFO:colcon.colcon_core.plugin_system:Skipping extension 'colcon_core.shell.bat': Not used on non-Windows systems
[33.543s] INFO:colcon.colcon_core.shell:Creating environment hook '/home/vishal/UR5_robot/install/robotic_arms_control/share/robotic_arms_control/hook/ament_prefix_path.ps1'
[33.939s] INFO:colcon.colcon_core.shell:Creating environment descriptor '/home/vishal/UR5_robot/install/robotic_arms_control/share/robotic_arms_control/hook/ament_prefix_path.dsv'
[34.034s] INFO:colcon.colcon_core.shell:Creating environment hook '/home/vishal/UR5_robot/install/robotic_arms_control/share/robotic_arms_control/hook/ament_prefix_path.sh'
[34.036s] INFO:colcon.colcon_core.shell:Skip shell extension 'powershell' for command environment: Not usable outside of PowerShell
[34.036s] DEBUG:colcon.colcon_core.shell:Skip shell extension 'dsv' for command environment
[34.205s] INFO:colcon.colcon_ros.task.ament_cmake.build:Building ROS package in '/home/vishal/UR5_robot/src/ur5_description' with build type 'ament_cmake'
[34.205s] INFO:colcon.colcon_cmake.task.cmake.build:Building CMake package in '/home/vishal/UR5_robot/src/ur5_description'
[34.206s] INFO:colcon.colcon_core.shell:Skip shell extension 'powershell' for command environment: Not usable outside of PowerShell
[34.206s] DEBUG:colcon.colcon_core.shell:Skip shell extension 'dsv' for command environment
[34.962s] INFO:colcon.colcon_core.task.python.build:Building Python package in '/home/vishal/UR5_robot/src/robotic_arms_control'
[34.963s] INFO:colcon.colcon_core.shell:Skip shell extension 'powershell' for command environment: Not usable outside of PowerShell
[34.963s] DEBUG:colcon.colcon_core.shell:Skip shell extension 'dsv' for command environment
[35.146s] DEBUG:colcon.colcon_core.event_handler.log_command:Invoking command in '/home/vishal/UR5_robot/build/ur5_description': CMAKE_PREFIX_PATH=${CMAKE_PREFIX_PATH}:/home/vishal/ws_moveit/install/moveit_configs_utils:/home/vishal/ws_moveit/install/launch_param_builder:/opt/ros/humble /home/vishal/.local/bin/cmake --build /home/vishal/UR5_robot/build/ur5_description -- -j16 -l16
[39.153s] DEBUG:colcon.colcon_core.event_handler.log_command:Invoked command in '/home/vishal/UR5_robot/build/ur5_description' returned '0': CMAKE_PREFIX_PATH=${CMAKE_PREFIX_PATH}:/home/vishal/ws_moveit/install/moveit_configs_utils:/home/vishal/ws_moveit/install/launch_param_builder:/opt/ros/humble /home/vishal/.local/bin/cmake --build /home/vishal/UR5_robot/build/ur5_description -- -j16 -l16
[39.479s] DEBUG:colcon.colcon_core.event_handler.log_command:Invoking command in '/home/vishal/UR5_robot/build/ur5_description': CMAKE_PREFIX_PATH=${CMAKE_PREFIX_PATH}:/home/vishal/ws_moveit/install/moveit_configs_utils:/home/vishal/ws_moveit/install/launch_param_builder:/opt/ros/humble /home/vishal/.local/bin/cmake --install /home/vishal/UR5_robot/build/ur5_description
[41.100s] Level 1:colcon.colcon_core.environment:create_environment_scripts_only(ur5_description)
[41.100s] DEBUG:colcon.colcon_core.event_handler.log_command:Invoked command in '/home/vishal/UR5_robot/build/ur5_description' returned '0': CMAKE_PREFIX_PATH=${CMAKE_PREFIX_PATH}:/home/vishal/ws_moveit/install/moveit_configs_utils:/home/vishal/ws_moveit/install/launch_param_builder:/opt/ros/humble /home/vishal/.local/bin/cmake --install /home/vishal/UR5_robot/build/ur5_description
[41.374s] Level 1:colcon.colcon_core.environment:checking '/home/vishal/UR5_robot/install/ur5_description' for CMake module files
[41.375s] Level 1:colcon.colcon_core.environment:checking '/home/vishal/UR5_robot/install/ur5_description' for CMake config files
[41.461s] Level 1:colcon.colcon_core.shell:create_environment_hook('ur5_description', 'cmake_prefix_path')
[41.462s] INFO:colcon.colcon_core.shell:Creating environment hook '/home/vishal/UR5_robot/install/ur5_description/share/ur5_description/hook/cmake_prefix_path.ps1'
[41.505s] INFO:colcon.colcon_core.shell:Creating environment descriptor '/home/vishal/UR5_robot/install/ur5_description/share/ur5_description/hook/cmake_prefix_path.dsv'
[41.505s] INFO:colcon.colcon_core.shell:Creating environment hook '/home/vishal/UR5_robot/install/ur5_description/share/ur5_description/hook/cmake_prefix_path.sh'
[41.506s] Level 1:colcon.colcon_core.environment:checking '/home/vishal/UR5_robot/install/ur5_description/bin'
[41.506s] Level 1:colcon.colcon_core.environment:checking '/home/vishal/UR5_robot/install/ur5_description/lib/pkgconfig/ur5_description.pc'
[41.506s] Level 1:colcon.colcon_core.environment:checking '/home/vishal/UR5_robot/install/ur5_description/lib/python3.10/site-packages'
[41.506s] Level 1:colcon.colcon_core.environment:checking '/home/vishal/UR5_robot/install/ur5_description/bin'
[41.507s] INFO:colcon.colcon_core.shell:Creating package script '/home/vishal/UR5_robot/install/ur5_description/share/ur5_description/package.ps1'
[41.530s] INFO:colcon.colcon_core.shell:Creating package descriptor '/home/vishal/UR5_robot/install/ur5_description/share/ur5_description/package.dsv'
[41.531s] INFO:colcon.colcon_core.shell:Creating package script '/home/vishal/UR5_robot/install/ur5_description/share/ur5_description/package.sh'
[41.532s] INFO:colcon.colcon_core.shell:Creating package script '/home/vishal/UR5_robot/install/ur5_description/share/ur5_description/package.bash'
[41.556s] INFO:colcon.colcon_core.shell:Creating package script '/home/vishal/UR5_robot/install/ur5_description/share/ur5_description/package.zsh'
[41.562s] Level 1:colcon.colcon_core.environment:create_file_with_runtime_dependencies(/home/vishal/UR5_robot/install/ur5_description/share/colcon-core/packages/ur5_description)
[41.562s] Level 1:colcon.colcon_core.environment:create_environment_scripts_only(ur5_description)
[41.563s] Level 1:colcon.colcon_core.environment:checking '/home/vishal/UR5_robot/install/ur5_description' for CMake module files
[41.563s] Level 1:colcon.colcon_core.environment:checking '/home/vishal/UR5_robot/install/ur5_description' for CMake config files
[41.563s] Level 1:colcon.colcon_core.shell:create_environment_hook('ur5_description', 'cmake_prefix_path')
[41.564s] INFO:colcon.colcon_core.shell:Creating environment hook '/home/vishal/UR5_robot/install/ur5_description/share/ur5_description/hook/cmake_prefix_path.ps1'
[41.564s] INFO:colcon.colcon_core.shell:Creating environment descriptor '/home/vishal/UR5_robot/install/ur5_description/share/ur5_description/hook/cmake_prefix_path.dsv'
[41.565s] INFO:colcon.colcon_core.shell:Creating environment hook '/home/vishal/UR5_robot/install/ur5_description/share/ur5_description/hook/cmake_prefix_path.sh'
[41.565s] Level 1:colcon.colcon_core.environment:checking '/home/vishal/UR5_robot/install/ur5_description/bin'
[41.565s] Level 1:colcon.colcon_core.environment:checking '/home/vishal/UR5_robot/install/ur5_description/lib/pkgconfig/ur5_description.pc'
[41.565s] Level 1:colcon.colcon_core.environment:checking '/home/vishal/UR5_robot/install/ur5_description/lib/python3.10/site-packages'
[41.566s] Level 1:colcon.colcon_core.environment:checking '/home/vishal/UR5_robot/install/ur5_description/bin'
[41.566s] INFO:colcon.colcon_core.shell:Creating package script '/home/vishal/UR5_robot/install/ur5_description/share/ur5_description/package.ps1'
[41.566s] INFO:colcon.colcon_core.shell:Creating package descriptor '/home/vishal/UR5_robot/install/ur5_description/share/ur5_description/package.dsv'
[41.567s] INFO:colcon.colcon_core.shell:Creating package script '/home/vishal/UR5_robot/install/ur5_description/share/ur5_description/package.sh'
[41.567s] INFO:colcon.colcon_core.shell:Creating package script '/home/vishal/UR5_robot/install/ur5_description/share/ur5_description/package.bash'
[41.568s] INFO:colcon.colcon_core.shell:Creating package script '/home/vishal/UR5_robot/install/ur5_description/share/ur5_description/package.zsh'
[41.568s] Level 1:colcon.colcon_core.environment:create_file_with_runtime_dependencies(/home/vishal/UR5_robot/install/ur5_description/share/colcon-core/packages/ur5_description)
[41.572s] DEBUG:colcon.colcon_core.event_handler.log_command:Invoking command in '/home/vishal/UR5_robot/src/robotic_arms_control': PYTHONPATH=/home/vishal/UR5_robot/build/robotic_arms_control/prefix_override:/usr/lib/python3/dist-packages/colcon_core/task/python/colcon_distutils_commands:/home/vishal/UR5_robot/install/robotic_arms_control/lib/python3.10/site-packages:${PYTHONPATH} /usr/bin/python3 -W ignore:setup.py install is deprecated -W ignore:easy_install command is deprecated setup.py egg_info --egg-base ../../build/robotic_arms_control build --build-base /home/vishal/UR5_robot/build/robotic_arms_control/build install --record /home/vishal/UR5_robot/build/robotic_arms_control/install.log --single-version-externally-managed install_data
[42.087s] Level 1:colcon.colcon_core.environment:checking '/home/vishal/UR5_robot/install/robotic_arms_control' for CMake module files
[42.088s] DEBUG:colcon.colcon_core.event_handler.log_command:Invoked command in '/home/vishal/UR5_robot/src/robotic_arms_control' returned '0': PYTHONPATH=/home/vishal/UR5_robot/build/robotic_arms_control/prefix_override:/usr/lib/python3/dist-packages/colcon_core/task/python/colcon_distutils_commands:/home/vishal/UR5_robot/install/robotic_arms_control/lib/python3.10/site-packages:${PYTHONPATH} /usr/bin/python3 -W ignore:setup.py install is deprecated -W ignore:easy_install command is deprecated setup.py egg_info --egg-base ../../build/robotic_arms_control build --build-base /home/vishal/UR5_robot/build/robotic_arms_control/build install --record /home/vishal/UR5_robot/build/robotic_arms_control/install.log --single-version-externally-managed install_data
[42.088s] Level 1:colcon.colcon_core.environment:checking '/home/vishal/UR5_robot/install/robotic_arms_control' for CMake config files
[42.113s] Level 1:colcon.colcon_core.environment:checking '/home/vishal/UR5_robot/install/robotic_arms_control/lib'
[42.114s] Level 1:colcon.colcon_core.environment:checking '/home/vishal/UR5_robot/install/robotic_arms_control/bin'
[42.114s] Level 1:colcon.colcon_core.environment:checking '/home/vishal/UR5_robot/install/robotic_arms_control/lib/pkgconfig/robotic_arms_control.pc'
[42.114s] Level 1:colcon.colcon_core.environment:checking '/home/vishal/UR5_robot/install/robotic_arms_control/lib/python3.10/site-packages'
[42.114s] Level 1:colcon.colcon_core.shell:create_environment_hook('robotic_arms_control', 'pythonpath')
[42.114s] INFO:colcon.colcon_core.shell:Creating environment hook '/home/vishal/UR5_robot/install/robotic_arms_control/share/robotic_arms_control/hook/pythonpath.ps1'
[42.115s] INFO:colcon.colcon_core.shell:Creating environment descriptor '/home/vishal/UR5_robot/install/robotic_arms_control/share/robotic_arms_control/hook/pythonpath.dsv'
[42.115s] INFO:colcon.colcon_core.shell:Creating environment hook '/home/vishal/UR5_robot/install/robotic_arms_control/share/robotic_arms_control/hook/pythonpath.sh'
[42.116s] Level 1:colcon.colcon_core.environment:checking '/home/vishal/UR5_robot/install/robotic_arms_control/bin'
[42.116s] Level 1:colcon.colcon_core.environment:create_environment_scripts_only(robotic_arms_control)
[42.116s] INFO:colcon.colcon_core.shell:Creating package script '/home/vishal/UR5_robot/install/robotic_arms_control/share/robotic_arms_control/package.ps1'
[42.117s] INFO:colcon.colcon_core.shell:Creating package descriptor '/home/vishal/UR5_robot/install/robotic_arms_control/share/robotic_arms_control/package.dsv'
[42.117s] INFO:colcon.colcon_core.shell:Creating package script '/home/vishal/UR5_robot/install/robotic_arms_control/share/robotic_arms_control/package.sh'
[42.118s] INFO:colcon.colcon_core.shell:Creating package script '/home/vishal/UR5_robot/install/robotic_arms_control/share/robotic_arms_control/package.bash'
[42.118s] INFO:colcon.colcon_core.shell:Creating package script '/home/vishal/UR5_robot/install/robotic_arms_control/share/robotic_arms_control/package.zsh'
[42.119s] Level 1:colcon.colcon_core.environment:create_file_with_runtime_dependencies(/home/vishal/UR5_robot/install/robotic_arms_control/share/colcon-core/packages/robotic_arms_control)
[42.119s] DEBUG:colcon.colcon_parallel_executor.executor.parallel:closing loop
[42.119s] DEBUG:colcon.colcon_parallel_executor.executor.parallel:loop closed
[42.119s] DEBUG:colcon.colcon_parallel_executor.executor.parallel:run_until_complete finished with '0'
[42.119s] DEBUG:colcon.colcon_core.event_reactor:joining thread
[42.182s] INFO:colcon.colcon_core.plugin_system:Skipping extension 'colcon_notification.desktop_notification.terminal_notifier': Not used on non-Darwin systems
[42.182s] INFO:colcon.colcon_core.plugin_system:Skipping extension 'colcon_notification.desktop_notification.win32': Not used on non-Windows systems
[42.182s] INFO:colcon.colcon_notification.desktop_notification:Sending desktop notification using 'notify2'
[42.203s] DEBUG:colcon.colcon_core.event_reactor:joined thread
[42.204s] INFO:colcon.colcon_core.shell:Creating prefix script '/home/vishal/UR5_robot/install/local_setup.ps1'
[42.205s] INFO:colcon.colcon_core.shell:Creating prefix util module '/home/vishal/UR5_robot/install/_local_setup_util_ps1.py'
[42.206s] INFO:colcon.colcon_core.shell:Creating prefix chain script '/home/vishal/UR5_robot/install/setup.ps1'
[42.210s] INFO:colcon.colcon_core.shell:Creating prefix script '/home/vishal/UR5_robot/install/local_setup.sh'
[42.210s] INFO:colcon.colcon_core.shell:Creating prefix util module '/home/vishal/UR5_robot/install/_local_setup_util_sh.py'
[42.211s] INFO:colcon.colcon_core.shell:Creating prefix chain script '/home/vishal/UR5_robot/install/setup.sh'
[42.213s] INFO:colcon.colcon_core.shell:Creating prefix script '/home/vishal/UR5_robot/install/local_setup.bash'
[42.214s] INFO:colcon.colcon_core.shell:Creating prefix chain script '/home/vishal/UR5_robot/install/setup.bash'
[42.217s] INFO:colcon.colcon_core.shell:Creating prefix script '/home/vishal/UR5_robot/install/local_setup.zsh'
[42.218s] INFO:colcon.colcon_core.shell:Creating prefix chain script '/home/vishal/UR5_robot/install/setup.zsh'
