[0.811s] Invoking command in '/home/vishal/UR5_AMR_CL_1/src/robotic_arms_control': PYTHONPATH=/home/vishal/UR5_AMR_CL_1/build/robotic_arms_control/prefix_override:/usr/lib/python3/dist-packages/colcon_core/task/python/colcon_distutils_commands:/home/vishal/UR5_AMR_CL_1/install/robotic_arms_control/lib/python3.10/site-packages:${PYTHONPATH} /usr/bin/python3 -W ignore:setup.py install is deprecated -W ignore:easy_install command is deprecated setup.py egg_info --egg-base ../../build/robotic_arms_control build --build-base /home/vishal/UR5_AMR_CL_1/build/robotic_arms_control/build install --record /home/vishal/UR5_AMR_CL_1/build/robotic_arms_control/install.log --single-version-externally-managed install_data
[1.108s] running egg_info
[1.108s] writing ../../build/robotic_arms_control/robotic_arms_control.egg-info/PKG-INFO
[1.109s] writing dependency_links to ../../build/robotic_arms_control/robotic_arms_control.egg-info/dependency_links.txt
[1.109s] writing entry points to ../../build/robotic_arms_control/robotic_arms_control.egg-info/entry_points.txt
[1.109s] writing requirements to ../../build/robotic_arms_control/robotic_arms_control.egg-info/requires.txt
[1.109s] writing top-level names to ../../build/robotic_arms_control/robotic_arms_control.egg-info/top_level.txt
[1.111s] reading manifest file '../../build/robotic_arms_control/robotic_arms_control.egg-info/SOURCES.txt'
[1.113s] writing manifest file '../../build/robotic_arms_control/robotic_arms_control.egg-info/SOURCES.txt'
[1.113s] running build
[1.113s] running build_py
[1.114s] running install
[1.114s] running install_lib
[1.115s] running install_data
[1.116s] copying robotic_arms_control/urdf/ur5.urdf -> /home/vishal/UR5_AMR_CL_1/install/robotic_arms_control/share/robotic_arms_control/urdf
[1.116s] running install_egg_info
[1.118s] removing '/home/vishal/UR5_AMR_CL_1/install/robotic_arms_control/lib/python3.10/site-packages/robotic_arms_control-0.0.0-py3.10.egg-info' (and everything under it)
[1.119s] Copying ../../build/robotic_arms_control/robotic_arms_control.egg-info to /home/vishal/UR5_AMR_CL_1/install/robotic_arms_control/lib/python3.10/site-packages/robotic_arms_control-0.0.0-py3.10.egg-info
[1.120s] running install_scripts
[1.144s] Installing joint_state_controller_test script to /home/vishal/UR5_AMR_CL_1/install/robotic_arms_control/lib/robotic_arms_control
[1.145s] Installing jtc_multi_goals script to /home/vishal/UR5_AMR_CL_1/install/robotic_arms_control/lib/robotic_arms_control
[1.145s] Installing kinematic_solver_IK script to /home/vishal/UR5_AMR_CL_1/install/robotic_arms_control/lib/robotic_arms_control
[1.145s] Installing transform_publisher script to /home/vishal/UR5_AMR_CL_1/install/robotic_arms_control/lib/robotic_arms_control
[1.146s] writing list of installed files to '/home/vishal/UR5_AMR_CL_1/build/robotic_arms_control/install.log'
[1.177s] Invoked command in '/home/vishal/UR5_AMR_CL_1/src/robotic_arms_control' returned '0': PYTHONPATH=/home/vishal/UR5_AMR_CL_1/build/robotic_arms_control/prefix_override:/usr/lib/python3/dist-packages/colcon_core/task/python/colcon_distutils_commands:/home/vishal/UR5_AMR_CL_1/install/robotic_arms_control/lib/python3.10/site-packages:${PYTHONPATH} /usr/bin/python3 -W ignore:setup.py install is deprecated -W ignore:easy_install command is deprecated setup.py egg_info --egg-base ../../build/robotic_arms_control build --build-base /home/vishal/UR5_AMR_CL_1/build/robotic_arms_control/build install --record /home/vishal/UR5_AMR_CL_1/build/robotic_arms_control/install.log --single-version-externally-managed install_data
