[8.303s] Invoking command in '/home/vishal/UR5_robot/src/robotic_arms_control': PYTHONPATH=/home/vishal/UR5_robot/build/robotic_arms_control/prefix_override:/usr/lib/python3/dist-packages/colcon_core/task/python/colcon_distutils_commands:/home/vishal/UR5_robot/install/robotic_arms_control/lib/python3.10/site-packages:${PYTHONPATH} /usr/bin/python3 -W ignore:setup.py install is deprecated -W ignore:easy_install command is deprecated setup.py egg_info --egg-base ../../build/robotic_arms_control build --build-base /home/vishal/UR5_robot/build/robotic_arms_control/build install --record /home/vishal/UR5_robot/build/robotic_arms_control/install.log --single-version-externally-managed install_data
[8.492s] running egg_info
[8.492s] writing ../../build/robotic_arms_control/robotic_arms_control.egg-info/PKG-INFO
[8.504s] writing dependency_links to ../../build/robotic_arms_control/robotic_arms_control.egg-info/dependency_links.txt
[8.504s] writing entry points to ../../build/robotic_arms_control/robotic_arms_control.egg-info/entry_points.txt
[8.504s] writing requirements to ../../build/robotic_arms_control/robotic_arms_control.egg-info/requires.txt
[8.504s] writing top-level names to ../../build/robotic_arms_control/robotic_arms_control.egg-info/top_level.txt
[8.609s] reading manifest file '../../build/robotic_arms_control/robotic_arms_control.egg-info/SOURCES.txt'
[8.683s] writing manifest file '../../build/robotic_arms_control/robotic_arms_control.egg-info/SOURCES.txt'
[8.683s] running build
[8.683s] running build_py
[8.704s] running install
[8.704s] running install_lib
[8.708s] running install_data
[8.747s] running install_egg_info
[8.749s] removing '/home/vishal/UR5_robot/install/robotic_arms_control/lib/python3.10/site-packages/robotic_arms_control-0.0.0-py3.10.egg-info' (and everything under it)
[8.750s] Copying ../../build/robotic_arms_control/robotic_arms_control.egg-info to /home/vishal/UR5_robot/install/robotic_arms_control/lib/python3.10/site-packages/robotic_arms_control-0.0.0-py3.10.egg-info
[8.781s] running install_scripts
[8.801s] Installing joint_state_controller_test script to /home/vishal/UR5_robot/install/robotic_arms_control/lib/robotic_arms_control
[8.802s] Installing jtc_multi_goals script to /home/vishal/UR5_robot/install/robotic_arms_control/lib/robotic_arms_control
[8.802s] Installing kinematic_solver_IK script to /home/vishal/UR5_robot/install/robotic_arms_control/lib/robotic_arms_control
[8.802s] Installing transform_publisher script to /home/vishal/UR5_robot/install/robotic_arms_control/lib/robotic_arms_control
[8.802s] writing list of installed files to '/home/vishal/UR5_robot/build/robotic_arms_control/install.log'
[8.819s] Invoked command in '/home/vishal/UR5_robot/src/robotic_arms_control' returned '0': PYTHONPATH=/home/vishal/UR5_robot/build/robotic_arms_control/prefix_override:/usr/lib/python3/dist-packages/colcon_core/task/python/colcon_distutils_commands:/home/vishal/UR5_robot/install/robotic_arms_control/lib/python3.10/site-packages:${PYTHONPATH} /usr/bin/python3 -W ignore:setup.py install is deprecated -W ignore:easy_install command is deprecated setup.py egg_info --egg-base ../../build/robotic_arms_control build --build-base /home/vishal/UR5_robot/build/robotic_arms_control/build install --record /home/vishal/UR5_robot/build/robotic_arms_control/install.log --single-version-externally-managed install_data
