[0.551s] Invoking command in '/home/vishal/UR5_robot/src/robotic_arms_control': PYTHONPATH=/home/vishal/UR5_robot/build/robotic_arms_control/prefix_override:/usr/lib/python3/dist-packages/colcon_core/task/python/colcon_distutils_commands:/home/vishal/UR5_robot/install/robotic_arms_control/lib/python3.10/site-packages:${PYTHONPATH} /usr/bin/python3 -W ignore:setup.py install is deprecated -W ignore:easy_install command is deprecated setup.py egg_info --egg-base ../../build/robotic_arms_control build --build-base /home/vishal/UR5_robot/build/robotic_arms_control/build install --record /home/vishal/UR5_robot/build/robotic_arms_control/install.log --single-version-externally-managed install_data
[0.745s] running egg_info
[0.745s] writing ../../build/robotic_arms_control/robotic_arms_control.egg-info/PKG-INFO
[0.745s] writing dependency_links to ../../build/robotic_arms_control/robotic_arms_control.egg-info/dependency_links.txt
[0.745s] writing entry points to ../../build/robotic_arms_control/robotic_arms_control.egg-info/entry_points.txt
[0.745s] writing requirements to ../../build/robotic_arms_control/robotic_arms_control.egg-info/requires.txt
[0.746s] writing top-level names to ../../build/robotic_arms_control/robotic_arms_control.egg-info/top_level.txt
[0.747s] reading manifest file '../../build/robotic_arms_control/robotic_arms_control.egg-info/SOURCES.txt'
[0.748s] writing manifest file '../../build/robotic_arms_control/robotic_arms_control.egg-info/SOURCES.txt'
[0.748s] running build
[0.748s] running build_py
[0.748s] running install
[0.748s] running install_lib
[0.749s] running install_data
[0.750s] running install_egg_info
[0.751s] removing '/home/vishal/UR5_robot/install/robotic_arms_control/lib/python3.10/site-packages/robotic_arms_control-0.0.0-py3.10.egg-info' (and everything under it)
[0.751s] Copying ../../build/robotic_arms_control/robotic_arms_control.egg-info to /home/vishal/UR5_robot/install/robotic_arms_control/lib/python3.10/site-packages/robotic_arms_control-0.0.0-py3.10.egg-info
[0.752s] running install_scripts
[0.767s] Installing joint_state_controller_test script to /home/vishal/UR5_robot/install/robotic_arms_control/lib/robotic_arms_control
[0.767s] Installing jtc_multi_goals script to /home/vishal/UR5_robot/install/robotic_arms_control/lib/robotic_arms_control
[0.768s] Installing kinematic_solver_IK script to /home/vishal/UR5_robot/install/robotic_arms_control/lib/robotic_arms_control
[0.768s] Installing transform_publisher script to /home/vishal/UR5_robot/install/robotic_arms_control/lib/robotic_arms_control
[0.768s] writing list of installed files to '/home/vishal/UR5_robot/build/robotic_arms_control/install.log'
[0.789s] Invoked command in '/home/vishal/UR5_robot/src/robotic_arms_control' returned '0': PYTHONPATH=/home/vishal/UR5_robot/build/robotic_arms_control/prefix_override:/usr/lib/python3/dist-packages/colcon_core/task/python/colcon_distutils_commands:/home/vishal/UR5_robot/install/robotic_arms_control/lib/python3.10/site-packages:${PYTHONPATH} /usr/bin/python3 -W ignore:setup.py install is deprecated -W ignore:easy_install command is deprecated setup.py egg_info --egg-base ../../build/robotic_arms_control build --build-base /home/vishal/UR5_robot/build/robotic_arms_control/build install --record /home/vishal/UR5_robot/build/robotic_arms_control/install.log --single-version-externally-managed install_data
